[INFO] Generating frontend ...
[INFO]  - Propagate build info ...
[DEBUG] 
>>> Running prepare-frontend
System.properties:
 productionMode: true
 webpackPort: null
 project.basedir: /devel/git/org.gecko.playground/org.gecko.vaadin.example.frontend
Goal parameters:
 productionMode: true
 npmFolder: /devel/git/org.gecko.playground/org.gecko.vaadin.example.frontend
Token file: /devel/git/org.gecko.playground/org.gecko.vaadin.example.frontend/META-INF/VAADIN/config/flow-build-info.json
Token content: {"productionMode":true,"useDeprecatedV14Bootstrapping":false,"eagerServerLoad":false,"npmFolder":"/devel/git/org.gecko.playground/org.gecko.vaadin.example.frontend","node.version":"v18.12.1","node.download.root":"https://nodejs.org/dist/","generatedFolder":"/devel/git/org.gecko.playground/org.gecko.vaadin.example.frontend/generated/frontend","frontendFolder":"/devel/git/org.gecko.playground/org.gecko.vaadin.example.frontend/frontend","connect.javaSourceFolder":"/devel/git/org.gecko.playground/org.gecko.vaadin.example.frontend/src","javaResourceFolder":"/devel/git/org.gecko.playground/org.gecko.vaadin.example.frontend/resources","connect.applicationProperties":"/devel/git/org.gecko.playground/org.gecko.vaadin.example.frontend/res/application.properties","connect.openApiFile":"/generated-resources/openapi.json","project.frontend.generated":"/devel/git/org.gecko.playground/org.gecko.vaadin.example.frontend/frontend/generated","pnpm.enable":false,"require.home.node":false,"build.folder":"generated"}

[INFO]  - Prepare frontend ...
[INFO] Getting class finder
[INFO]  - Update build fileFrontend ...
[INFO]  - Run node updater ...
[INFO]  - Run frontend build ...
[INFO] Running Vite ...
[DEBUG] 
/home/mark/.vaadin/node/node \ 
    ./node_modules/vite/bin/vite.js build 

[INFO] Finished generating frontend
[INFO] Doing cleanup ...
[INFO] Removed file vite.config.ts
[INFO] Removed file vite.generated.ts
[INFO] Removed file types.d.ts
[INFO] Removed file tsconfig.json
[INFO] Removed file package.json
[INFO] Removed file generated/sw.ts
[INFO] Removed folder generated/plugins/
[INFO] Removed folder generated/frontend/
[INFO] Removed folder node_modules/
[INFO] Removed folder frontend/
[INFO] Finished cleanup
