2022.04.29 12:16:50,872 INFO  [Start Level: Equinox Container: 0d3a0766-0c36-4a01-9f43-064cb2c699e3] org.eclipse.jetty.util.log: Logging initialized @925ms to org.eclipse.jetty.util.log.Slf4jLog
2022.04.29 12:16:50,962 INFO  [Start Level: Equinox Container: 0d3a0766-0c36-4a01-9f43-064cb2c699e3] org.eclipse.jetty.server.Server: jetty-9.4.35.v20201120; built: 2020-11-20T21:17:03.964Z; git: bdc54f03a5e0a7e280fab27f55c3c75ee8da89fb; jvm 11.0.15+10-Ubuntu-0ubuntu0.20.04.1
2022.04.29 12:16:51,028 INFO  [Start Level: Equinox Container: 0d3a0766-0c36-4a01-9f43-064cb2c699e3] org.eclipse.jetty.server.session: DefaultSessionIdManager workerName=node0
2022.04.29 12:16:51,028 INFO  [Start Level: Equinox Container: 0d3a0766-0c36-4a01-9f43-064cb2c699e3] org.eclipse.jetty.server.session: No SessionScavenger set, using defaults
2022.04.29 12:16:51,030 INFO  [Start Level: Equinox Container: 0d3a0766-0c36-4a01-9f43-064cb2c699e3] org.eclipse.jetty.server.session: node0 Scavenging every 600000ms
2022.04.29 12:16:51,038 INFO  [Start Level: Equinox Container: 0d3a0766-0c36-4a01-9f43-064cb2c699e3] org.eclipse.jetty.server.handler.ContextHandler: Started o.e.j.s.ServletContextHandler@9da12e5{/,null,AVAILABLE}
2022.04.29 12:16:51,038 INFO  [Start Level: Equinox Container: 0d3a0766-0c36-4a01-9f43-064cb2c699e3] org.eclipse.jetty.server.Server: Started @1093ms
2022.04.29 12:16:51,038 INFO  [Start Level: Equinox Container: 0d3a0766-0c36-4a01-9f43-064cb2c699e3] org.eclipse.jetty.server.session: node0 Scavenging every 660000ms
2022.04.29 12:16:51,078 INFO  [Start Level: Equinox Container: 0d3a0766-0c36-4a01-9f43-064cb2c699e3] org.eclipse.jetty.server.AbstractConnector: Started ServerConnector@501f8da7{HTTP/1.1, (http/1.1)}{0.0.0.0:8080}
2022.04.29 12:16:51,080 INFO  [Start Level: Equinox Container: 0d3a0766-0c36-4a01-9f43-064cb2c699e3] LogService.org.apache.felix.http.jetty: Started Jetty 9.4.35.v20201120 at port(s) HTTP:8080 on context path / [minThreads=8,maxThreads=200,acceptors=2,selectors=8]
2022.04.29 12:16:51,166 INFO  [Jetty HTTP Service] org.eclipse.jetty.webapp.StandardDescriptorProcessor: NO JSP Support for /test, did not find org.eclipse.jetty.jsp.JettyJspServlet
2022.04.29 12:16:51,184 INFO  [Jetty HTTP Service] org.eclipse.jetty.server.handler.ContextHandler: Started o.a.f.h.j.i.w.WebAppBundleContext@600b6602{/test,bundleentry://5.fwk1453290874/,AVAILABLE}{test}
2022.04.29 14:35:24,130 INFO  [Start Level: Equinox Container: 77cebe62-f997-45f0-a02a-eae3bb35bdda] org.eclipse.jetty.util.log: Logging initialized @836ms to org.eclipse.jetty.util.log.Slf4jLog
2022.04.29 14:35:24,153 INFO  [Start Level: Equinox Container: 77cebe62-f997-45f0-a02a-eae3bb35bdda] org.eclipse.jetty.server.Server: jetty-9.4.35.v20201120; built: 2020-11-20T21:17:03.964Z; git: bdc54f03a5e0a7e280fab27f55c3c75ee8da89fb; jvm 11.0.15+10-Ubuntu-0ubuntu0.20.04.1
2022.04.29 14:35:24,175 INFO  [Start Level: Equinox Container: 77cebe62-f997-45f0-a02a-eae3bb35bdda] org.eclipse.jetty.server.session: DefaultSessionIdManager workerName=node0
2022.04.29 14:35:24,175 INFO  [Start Level: Equinox Container: 77cebe62-f997-45f0-a02a-eae3bb35bdda] org.eclipse.jetty.server.session: No SessionScavenger set, using defaults
2022.04.29 14:35:24,176 INFO  [Start Level: Equinox Container: 77cebe62-f997-45f0-a02a-eae3bb35bdda] org.eclipse.jetty.server.session: node0 Scavenging every 600000ms
2022.04.29 14:35:24,180 INFO  [Start Level: Equinox Container: 77cebe62-f997-45f0-a02a-eae3bb35bdda] org.eclipse.jetty.server.handler.ContextHandler: Started o.e.j.s.ServletContextHandler@27bd2d1{/,null,AVAILABLE}
2022.04.29 14:35:24,181 INFO  [Start Level: Equinox Container: 77cebe62-f997-45f0-a02a-eae3bb35bdda] org.eclipse.jetty.server.Server: Started @888ms
2022.04.29 14:35:24,181 INFO  [Start Level: Equinox Container: 77cebe62-f997-45f0-a02a-eae3bb35bdda] org.eclipse.jetty.server.session: node0 Scavenging every 600000ms
2022.04.29 14:35:24,208 INFO  [Start Level: Equinox Container: 77cebe62-f997-45f0-a02a-eae3bb35bdda] org.eclipse.jetty.server.AbstractConnector: Started ServerConnector@4173c916{HTTP/1.1, (http/1.1)}{0.0.0.0:8080}
2022.04.29 14:35:24,209 INFO  [Start Level: Equinox Container: 77cebe62-f997-45f0-a02a-eae3bb35bdda] LogService.org.apache.felix.http.jetty: Started Jetty 9.4.35.v20201120 at port(s) HTTP:8080 on context path / [minThreads=8,maxThreads=200,acceptors=2,selectors=8]
2022.04.29 14:35:24,237 INFO  [Start Level: Equinox Container: 77cebe62-f997-45f0-a02a-eae3bb35bdda] ROOT: bundle org.apache.felix.scr:2.1.28 (29) Starting with globalExtender setting: false
2022.04.29 14:35:24,240 INFO  [Start Level: Equinox Container: 77cebe62-f997-45f0-a02a-eae3bb35bdda] ROOT: bundle org.apache.felix.scr:2.1.28 (29)  Version = 2.1.28
2022.04.29 14:35:24,254 INFO  [Jetty HTTP Service] org.eclipse.jetty.webapp.StandardDescriptorProcessor: NO JSP Support for /rest, did not find org.eclipse.jetty.jsp.JettyJspServlet
2022.04.29 14:35:24,266 WARN  [Jetty HTTP Service] org.eclipse.jetty.servlet.BaseHolder: 
java.lang.ClassNotFoundException: org.glassfish.jersey.servlet.ServletContainer
	at java.lang.ClassLoader.findClass(ClassLoader.java:719) ~[?:?]
	at org.apache.felix.http.jetty.internal.webapp.WebAppBundleContext$1.findClass(WebAppBundleContext.java:54) ~[+org.apache.felix.http.jetty-4.1.4.jar:?]
	at java.lang.ClassLoader.loadClass(ClassLoader.java:589) ~[?:?]
	at java.lang.ClassLoader.loadClass(ClassLoader.java:522) ~[?:?]
	at org.eclipse.jetty.util.Loader.loadClass(Loader.java:64) ~[+org.apache.felix.http.jetty-4.1.4.jar:?]
	at org.eclipse.jetty.servlet.BaseHolder.doStart(BaseHolder.java:89) ~[+org.apache.felix.http.jetty-4.1.4.jar:?]
	at org.eclipse.jetty.servlet.ServletHolder.doStart(ServletHolder.java:361) ~[+org.apache.felix.http.jetty-4.1.4.jar:?]
	at org.eclipse.jetty.util.component.AbstractLifeCycle.start(AbstractLifeCycle.java:73) ~[+org.apache.felix.http.jetty-4.1.4.jar:?]
	at org.eclipse.jetty.servlet.ServletHandler.lambda$initialize$0(ServletHandler.java:730) ~[+org.apache.felix.http.jetty-4.1.4.jar:?]
	at java.util.stream.SortedOps$SizedRefSortingSink.end(SortedOps.java:357) [?:?]
	at java.util.stream.AbstractPipeline.copyInto(AbstractPipeline.java:485) [?:?]
	at java.util.stream.AbstractPipeline.wrapAndCopyInto(AbstractPipeline.java:474) [?:?]
	at java.util.stream.StreamSpliterators$WrappingSpliterator.forEachRemaining(StreamSpliterators.java:312) [?:?]
	at java.util.stream.Streams$ConcatSpliterator.forEachRemaining(Streams.java:735) [?:?]
	at java.util.stream.ReferencePipeline$Head.forEach(ReferencePipeline.java:658) [?:?]
	at org.eclipse.jetty.servlet.ServletHandler.initialize(ServletHandler.java:755) [+org.apache.felix.http.jetty-4.1.4.jar:?]
	at org.eclipse.jetty.servlet.ServletContextHandler.startContext(ServletContextHandler.java:379) [+org.apache.felix.http.jetty-4.1.4.jar:?]
	at org.eclipse.jetty.webapp.WebAppContext.startWebapp(WebAppContext.java:1457) [+org.apache.felix.http.jetty-4.1.4.jar:?]
	at org.eclipse.jetty.webapp.WebAppContext.startContext(WebAppContext.java:1422) [+org.apache.felix.http.jetty-4.1.4.jar:?]
	at org.eclipse.jetty.server.handler.ContextHandler.doStart(ContextHandler.java:911) [+org.apache.felix.http.jetty-4.1.4.jar:?]
	at org.eclipse.jetty.servlet.ServletContextHandler.doStart(ServletContextHandler.java:288) [+org.apache.felix.http.jetty-4.1.4.jar:?]
	at org.eclipse.jetty.webapp.WebAppContext.doStart(WebAppContext.java:524) [+org.apache.felix.http.jetty-4.1.4.jar:?]
	at org.eclipse.jetty.util.component.AbstractLifeCycle.start(AbstractLifeCycle.java:73) [+org.apache.felix.http.jetty-4.1.4.jar:?]
	at org.apache.felix.http.jetty.internal.webapp.WebAppBundleTracker$4.doExecute(WebAppBundleTracker.java:248) [+org.apache.felix.http.jetty-4.1.4.jar:?]
	at org.apache.felix.http.jetty.internal.webapp.WebAppBundleTracker$JettyOperation.call(WebAppBundleTracker.java:413) [+org.apache.felix.http.jetty-4.1.4.jar:?]
	at org.apache.felix.http.jetty.internal.webapp.WebAppBundleTracker$JettyOperation.call(WebAppBundleTracker.java:403) [+org.apache.felix.http.jetty-4.1.4.jar:?]
	at java.util.concurrent.FutureTask.run(FutureTask.java:264) [?:?]
	at java.util.concurrent.ThreadPoolExecutor.runWorker(ThreadPoolExecutor.java:1128) [?:?]
	at java.util.concurrent.ThreadPoolExecutor$Worker.run(ThreadPoolExecutor.java:628) [?:?]
	at java.lang.Thread.run(Thread.java:829) [?:?]
2022.04.29 14:35:24,270 WARN  [Jetty HTTP Service] org.eclipse.jetty.webapp.WebAppContext: Failed startup of context o.a.f.h.j.i.w.WebAppBundleContext@60ab528d{/rest,bundleentry://17.fwk252480153/,UNAVAILABLE}{rest}
javax.servlet.UnavailableException: Class loading error for holder javax.ws.rs.core.Application==org.glassfish.jersey.servlet.ServletContainer@83f91b4{jsp=null,order=1,inst=false,async=true,src=DESCRIPTOR:bundleentry://17.fwk252480153/WEB-INF/web.xml}
	at org.eclipse.jetty.servlet.BaseHolder.doStart(BaseHolder.java:96) ~[+org.apache.felix.http.jetty-4.1.4.jar:?]
	at org.eclipse.jetty.servlet.ServletHolder.doStart(ServletHolder.java:361) ~[+org.apache.felix.http.jetty-4.1.4.jar:?]
	at org.eclipse.jetty.util.component.AbstractLifeCycle.start(AbstractLifeCycle.java:73) ~[+org.apache.felix.http.jetty-4.1.4.jar:?]
	at org.eclipse.jetty.servlet.ServletHandler.lambda$initialize$0(ServletHandler.java:730) ~[+org.apache.felix.http.jetty-4.1.4.jar:?]
	at java.util.stream.SortedOps$SizedRefSortingSink.end(SortedOps.java:357) ~[?:?]
	at java.util.stream.AbstractPipeline.copyInto(AbstractPipeline.java:485) ~[?:?]
	at java.util.stream.AbstractPipeline.wrapAndCopyInto(AbstractPipeline.java:474) ~[?:?]
	at java.util.stream.StreamSpliterators$WrappingSpliterator.forEachRemaining(StreamSpliterators.java:312) ~[?:?]
	at java.util.stream.Streams$ConcatSpliterator.forEachRemaining(Streams.java:735) ~[?:?]
	at java.util.stream.ReferencePipeline$Head.forEach(ReferencePipeline.java:658) ~[?:?]
	at org.eclipse.jetty.servlet.ServletHandler.initialize(ServletHandler.java:755) ~[+org.apache.felix.http.jetty-4.1.4.jar:?]
	at org.eclipse.jetty.servlet.ServletContextHandler.startContext(ServletContextHandler.java:379) ~[+org.apache.felix.http.jetty-4.1.4.jar:?]
	at org.eclipse.jetty.webapp.WebAppContext.startWebapp(WebAppContext.java:1457) ~[+org.apache.felix.http.jetty-4.1.4.jar:?]
	at org.eclipse.jetty.webapp.WebAppContext.startContext(WebAppContext.java:1422) ~[+org.apache.felix.http.jetty-4.1.4.jar:?]
	at org.eclipse.jetty.server.handler.ContextHandler.doStart(ContextHandler.java:911) ~[+org.apache.felix.http.jetty-4.1.4.jar:?]
	at org.eclipse.jetty.servlet.ServletContextHandler.doStart(ServletContextHandler.java:288) ~[+org.apache.felix.http.jetty-4.1.4.jar:?]
	at org.eclipse.jetty.webapp.WebAppContext.doStart(WebAppContext.java:524) [+org.apache.felix.http.jetty-4.1.4.jar:?]
	at org.eclipse.jetty.util.component.AbstractLifeCycle.start(AbstractLifeCycle.java:73) [+org.apache.felix.http.jetty-4.1.4.jar:?]
	at org.apache.felix.http.jetty.internal.webapp.WebAppBundleTracker$4.doExecute(WebAppBundleTracker.java:248) [+org.apache.felix.http.jetty-4.1.4.jar:?]
	at org.apache.felix.http.jetty.internal.webapp.WebAppBundleTracker$JettyOperation.call(WebAppBundleTracker.java:413) [+org.apache.felix.http.jetty-4.1.4.jar:?]
	at org.apache.felix.http.jetty.internal.webapp.WebAppBundleTracker$JettyOperation.call(WebAppBundleTracker.java:403) [+org.apache.felix.http.jetty-4.1.4.jar:?]
	at java.util.concurrent.FutureTask.run(FutureTask.java:264) [?:?]
	at java.util.concurrent.ThreadPoolExecutor.runWorker(ThreadPoolExecutor.java:1128) [?:?]
	at java.util.concurrent.ThreadPoolExecutor$Worker.run(ThreadPoolExecutor.java:628) [?:?]
	at java.lang.Thread.run(Thread.java:829) [?:?]
2022.04.29 14:35:24,270 ERROR [Jetty HTTP Service] LogService.org.apache.felix.http.jetty: Deploying web application bundle org.gecko.playground.wab.jersey failed.
javax.servlet.UnavailableException: Class loading error for holder javax.ws.rs.core.Application==org.glassfish.jersey.servlet.ServletContainer@83f91b4{jsp=null,order=1,inst=false,async=true,src=DESCRIPTOR:bundleentry://17.fwk252480153/WEB-INF/web.xml}
	at org.eclipse.jetty.servlet.BaseHolder.doStart(BaseHolder.java:96) ~[?:?]
	at org.eclipse.jetty.servlet.ServletHolder.doStart(ServletHolder.java:361) ~[?:?]
	at org.eclipse.jetty.util.component.AbstractLifeCycle.start(AbstractLifeCycle.java:73) ~[?:?]
	at org.eclipse.jetty.servlet.ServletHandler.lambda$initialize$0(ServletHandler.java:730) ~[?:?]
	at java.util.stream.SortedOps$SizedRefSortingSink.end(SortedOps.java:357) ~[?:?]
	at java.util.stream.AbstractPipeline.copyInto(AbstractPipeline.java:485) ~[?:?]
	at java.util.stream.AbstractPipeline.wrapAndCopyInto(AbstractPipeline.java:474) ~[?:?]
	at java.util.stream.StreamSpliterators$WrappingSpliterator.forEachRemaining(StreamSpliterators.java:312) ~[?:?]
	at java.util.stream.Streams$ConcatSpliterator.forEachRemaining(Streams.java:735) ~[?:?]
	at java.util.stream.ReferencePipeline$Head.forEach(ReferencePipeline.java:658) ~[?:?]
	at org.eclipse.jetty.servlet.ServletHandler.initialize(ServletHandler.java:755) ~[?:?]
	at org.eclipse.jetty.servlet.ServletContextHandler.startContext(ServletContextHandler.java:379) ~[?:?]
	at org.eclipse.jetty.webapp.WebAppContext.startWebapp(WebAppContext.java:1457) ~[?:?]
	at org.eclipse.jetty.webapp.WebAppContext.startContext(WebAppContext.java:1422) ~[?:?]
	at org.eclipse.jetty.server.handler.ContextHandler.doStart(ContextHandler.java:911) ~[?:?]
	at org.eclipse.jetty.servlet.ServletContextHandler.doStart(ServletContextHandler.java:288) ~[?:?]
	at org.eclipse.jetty.webapp.WebAppContext.doStart(WebAppContext.java:524) ~[?:?]
	at org.eclipse.jetty.util.component.AbstractLifeCycle.start(AbstractLifeCycle.java:73) ~[?:?]
	at org.apache.felix.http.jetty.internal.webapp.WebAppBundleTracker$4.doExecute(WebAppBundleTracker.java:248) ~[?:?]
	at org.apache.felix.http.jetty.internal.webapp.WebAppBundleTracker$JettyOperation.call(WebAppBundleTracker.java:413) ~[?:?]
	at org.apache.felix.http.jetty.internal.webapp.WebAppBundleTracker$JettyOperation.call(WebAppBundleTracker.java:403) ~[?:?]
	at java.util.concurrent.FutureTask.run(FutureTask.java:264) ~[?:?]
	at java.util.concurrent.ThreadPoolExecutor.runWorker(ThreadPoolExecutor.java:1128) [?:?]
	at java.util.concurrent.ThreadPoolExecutor$Worker.run(ThreadPoolExecutor.java:628) [?:?]
	at java.lang.Thread.run(Thread.java:829) [?:?]
2022.04.29 15:36:27,151 INFO  [FelixStartLevel] ROOT: bundle org.apache.felix.scr:2.2.0 (16) Starting with globalExtender setting: false
2022.04.29 15:36:27,153 INFO  [FelixStartLevel] ROOT: bundle org.apache.felix.scr:2.2.0 (16)  Version = 2.2.0
2022.04.29 15:57:56,011 INFO  [Start Level: Equinox Container: 61a2b31f-0849-4918-921f-047b3f42ec6b] org.eclipse.jetty.util.log: Logging initialized @958ms to org.eclipse.jetty.util.log.Slf4jLog
2022.04.29 15:57:56,104 INFO  [Start Level: Equinox Container: 61a2b31f-0849-4918-921f-047b3f42ec6b] org.eclipse.jetty.server.Server: jetty-9.4.45.v20220203; built: 2022-02-03T09:14:34.105Z; git: 4a0c91c0be53805e3fcffdcdcc9587d5301863db; jvm 11.0.15+10-Ubuntu-0ubuntu0.20.04.1
2022.04.29 15:57:56,163 INFO  [Start Level: Equinox Container: 61a2b31f-0849-4918-921f-047b3f42ec6b] org.eclipse.jetty.server.session: DefaultSessionIdManager workerName=node0
2022.04.29 15:57:56,163 INFO  [Start Level: Equinox Container: 61a2b31f-0849-4918-921f-047b3f42ec6b] org.eclipse.jetty.server.session: No SessionScavenger set, using defaults
2022.04.29 15:57:56,166 INFO  [Start Level: Equinox Container: 61a2b31f-0849-4918-921f-047b3f42ec6b] org.eclipse.jetty.server.session: node0 Scavenging every 660000ms
2022.04.29 15:57:56,176 INFO  [Start Level: Equinox Container: 61a2b31f-0849-4918-921f-047b3f42ec6b] org.eclipse.jetty.server.handler.ContextHandler: Started o.e.j.s.ServletContextHandler@6a072cc5{/,null,AVAILABLE}
2022.04.29 15:57:56,176 INFO  [Start Level: Equinox Container: 61a2b31f-0849-4918-921f-047b3f42ec6b] org.eclipse.jetty.server.Server: Started @1124ms
2022.04.29 15:57:56,176 INFO  [Start Level: Equinox Container: 61a2b31f-0849-4918-921f-047b3f42ec6b] org.eclipse.jetty.server.session: node0 Scavenging every 660000ms
2022.04.29 15:57:56,217 INFO  [Start Level: Equinox Container: 61a2b31f-0849-4918-921f-047b3f42ec6b] org.eclipse.jetty.server.AbstractConnector: Started ServerConnector@2b036471{HTTP/1.1, (http/1.1)}{0.0.0.0:8080}
2022.04.29 15:57:56,218 INFO  [Start Level: Equinox Container: 61a2b31f-0849-4918-921f-047b3f42ec6b] LogService.org.apache.felix.http.jetty: Started Jetty 9.4.45.v20220203 at port(s) HTTP:8080 on context path / [minThreads=8,maxThreads=200,acceptors=2,selectors=8]
2022.04.29 15:57:56,306 INFO  [Jetty HTTP Service] org.eclipse.jetty.webapp.StandardDescriptorProcessor: NO JSP Support for /test, did not find org.eclipse.jetty.jsp.JettyJspServlet
2022.04.29 15:57:56,325 INFO  [Jetty HTTP Service] org.eclipse.jetty.server.handler.ContextHandler: Started o.a.f.h.j.i.w.WebAppBundleContext@5be5726c{/test,bundleentry://3.fwk179475188/,AVAILABLE}{test}
2022.04.29 15:58:44,306 INFO  [Start Level: Equinox Container: 85fb5e2b-f9bf-4b53-b7db-1d83bdba7b94] org.eclipse.jetty.util.log: Logging initialized @899ms to org.eclipse.jetty.util.log.Slf4jLog
2022.04.29 15:58:44,331 INFO  [Start Level: Equinox Container: 85fb5e2b-f9bf-4b53-b7db-1d83bdba7b94] org.eclipse.jetty.server.Server: jetty-9.4.45.v20220203; built: 2022-02-03T09:14:34.105Z; git: 4a0c91c0be53805e3fcffdcdcc9587d5301863db; jvm 11.0.15+10-Ubuntu-0ubuntu0.20.04.1
2022.04.29 15:58:44,354 INFO  [Start Level: Equinox Container: 85fb5e2b-f9bf-4b53-b7db-1d83bdba7b94] org.eclipse.jetty.server.session: DefaultSessionIdManager workerName=node0
2022.04.29 15:58:44,354 INFO  [Start Level: Equinox Container: 85fb5e2b-f9bf-4b53-b7db-1d83bdba7b94] org.eclipse.jetty.server.session: No SessionScavenger set, using defaults
2022.04.29 15:58:44,355 INFO  [Start Level: Equinox Container: 85fb5e2b-f9bf-4b53-b7db-1d83bdba7b94] org.eclipse.jetty.server.session: node0 Scavenging every 600000ms
2022.04.29 15:58:44,370 INFO  [Start Level: Equinox Container: 85fb5e2b-f9bf-4b53-b7db-1d83bdba7b94] org.eclipse.jetty.server.handler.ContextHandler: Started o.e.j.s.ServletContextHandler@64068385{/,null,AVAILABLE}
2022.04.29 15:58:44,370 INFO  [Start Level: Equinox Container: 85fb5e2b-f9bf-4b53-b7db-1d83bdba7b94] org.eclipse.jetty.server.Server: Started @965ms
2022.04.29 15:58:44,370 INFO  [Start Level: Equinox Container: 85fb5e2b-f9bf-4b53-b7db-1d83bdba7b94] org.eclipse.jetty.server.session: node0 Scavenging every 660000ms
2022.04.29 15:58:44,389 INFO  [Start Level: Equinox Container: 85fb5e2b-f9bf-4b53-b7db-1d83bdba7b94] org.eclipse.jetty.server.AbstractConnector: Started ServerConnector@bcb2487{HTTP/1.1, (http/1.1)}{0.0.0.0:8080}
2022.04.29 15:58:44,390 INFO  [Start Level: Equinox Container: 85fb5e2b-f9bf-4b53-b7db-1d83bdba7b94] LogService.org.apache.felix.http.jetty: Started Jetty 9.4.45.v20220203 at port(s) HTTP:8080 on context path / [minThreads=8,maxThreads=200,acceptors=2,selectors=8]
2022.04.29 15:58:44,420 INFO  [Start Level: Equinox Container: 85fb5e2b-f9bf-4b53-b7db-1d83bdba7b94] ROOT: bundle org.apache.felix.scr:2.2.0 (38) Starting with globalExtender setting: false
2022.04.29 15:58:44,422 INFO  [Start Level: Equinox Container: 85fb5e2b-f9bf-4b53-b7db-1d83bdba7b94] ROOT: bundle org.apache.felix.scr:2.2.0 (38)  Version = 2.2.0
2022.04.29 15:58:44,434 INFO  [Jetty HTTP Service] org.eclipse.jetty.webapp.StandardDescriptorProcessor: NO JSP Support for /rest, did not find org.eclipse.jetty.jsp.JettyJspServlet
2022.04.29 15:58:44,444 WARN  [Jetty HTTP Service] org.eclipse.jetty.servlet.BaseHolder: 
java.lang.ClassNotFoundException: org.glassfish.jersey.servlet.ServletContainer
	at java.lang.ClassLoader.findClass(ClassLoader.java:719) ~[?:?]
	at org.apache.felix.http.jetty.internal.webapp.WebAppBundleContext$1.findClass(WebAppBundleContext.java:54) ~[org.apache.felix.http.jetty-4.2.0.jar:?]
	at java.lang.ClassLoader.loadClass(ClassLoader.java:589) ~[?:?]
	at java.lang.ClassLoader.loadClass(ClassLoader.java:522) ~[?:?]
	at org.eclipse.jetty.util.Loader.loadClass(Loader.java:64) ~[org.apache.felix.http.jetty-4.2.0.jar:?]
	at org.eclipse.jetty.servlet.BaseHolder.doStart(BaseHolder.java:89) ~[org.apache.felix.http.jetty-4.2.0.jar:?]
	at org.eclipse.jetty.servlet.ServletHolder.doStart(ServletHolder.java:369) ~[org.apache.felix.http.jetty-4.2.0.jar:?]
	at org.eclipse.jetty.util.component.AbstractLifeCycle.start(AbstractLifeCycle.java:73) ~[org.apache.felix.http.jetty-4.2.0.jar:?]
	at org.eclipse.jetty.servlet.ServletHandler.lambda$initialize$0(ServletHandler.java:730) ~[org.apache.felix.http.jetty-4.2.0.jar:?]
	at java.util.stream.SortedOps$SizedRefSortingSink.end(SortedOps.java:357) [?:?]
	at java.util.stream.AbstractPipeline.copyInto(AbstractPipeline.java:485) [?:?]
	at java.util.stream.AbstractPipeline.wrapAndCopyInto(AbstractPipeline.java:474) [?:?]
	at java.util.stream.StreamSpliterators$WrappingSpliterator.forEachRemaining(StreamSpliterators.java:312) [?:?]
	at java.util.stream.Streams$ConcatSpliterator.forEachRemaining(Streams.java:735) [?:?]
	at java.util.stream.ReferencePipeline$Head.forEach(ReferencePipeline.java:658) [?:?]
	at org.eclipse.jetty.servlet.ServletHandler.initialize(ServletHandler.java:755) [org.apache.felix.http.jetty-4.2.0.jar:?]
	at org.eclipse.jetty.servlet.ServletContextHandler.startContext(ServletContextHandler.java:379) [org.apache.felix.http.jetty-4.2.0.jar:?]
	at org.eclipse.jetty.webapp.WebAppContext.startWebapp(WebAppContext.java:1449) [org.apache.felix.http.jetty-4.2.0.jar:?]
	at org.eclipse.jetty.webapp.WebAppContext.startContext(WebAppContext.java:1414) [org.apache.felix.http.jetty-4.2.0.jar:?]
	at org.eclipse.jetty.server.handler.ContextHandler.doStart(ContextHandler.java:916) [org.apache.felix.http.jetty-4.2.0.jar:?]
	at org.eclipse.jetty.servlet.ServletContextHandler.doStart(ServletContextHandler.java:288) [org.apache.felix.http.jetty-4.2.0.jar:?]
	at org.eclipse.jetty.webapp.WebAppContext.doStart(WebAppContext.java:524) [org.apache.felix.http.jetty-4.2.0.jar:?]
	at org.eclipse.jetty.util.component.AbstractLifeCycle.start(AbstractLifeCycle.java:73) [org.apache.felix.http.jetty-4.2.0.jar:?]
	at org.apache.felix.http.jetty.internal.webapp.WebAppBundleTracker$4.doExecute(WebAppBundleTracker.java:248) [org.apache.felix.http.jetty-4.2.0.jar:?]
	at org.apache.felix.http.jetty.internal.webapp.WebAppBundleTracker$JettyOperation.call(WebAppBundleTracker.java:413) [org.apache.felix.http.jetty-4.2.0.jar:?]
	at org.apache.felix.http.jetty.internal.webapp.WebAppBundleTracker$JettyOperation.call(WebAppBundleTracker.java:403) [org.apache.felix.http.jetty-4.2.0.jar:?]
	at java.util.concurrent.FutureTask.run(FutureTask.java:264) [?:?]
	at java.util.concurrent.ThreadPoolExecutor.runWorker(ThreadPoolExecutor.java:1128) [?:?]
	at java.util.concurrent.ThreadPoolExecutor$Worker.run(ThreadPoolExecutor.java:628) [?:?]
	at java.lang.Thread.run(Thread.java:829) [?:?]
2022.04.29 15:58:44,447 WARN  [Jetty HTTP Service] org.eclipse.jetty.webapp.WebAppContext: Failed startup of context o.a.f.h.j.i.w.WebAppBundleContext@61ae9a9a{/rest,bundleentry://15.fwk783191662/,UNAVAILABLE}{rest}
javax.servlet.UnavailableException: Class loading error for holder javax.ws.rs.core.Application==org.glassfish.jersey.servlet.ServletContainer@83f91b4{jsp=null,order=1,inst=false,async=true,src=DESCRIPTOR:bundleentry://15.fwk783191662/WEB-INF/web.xml,STARTING}
	at org.eclipse.jetty.servlet.BaseHolder.doStart(BaseHolder.java:96) ~[org.apache.felix.http.jetty-4.2.0.jar:?]
	at org.eclipse.jetty.servlet.ServletHolder.doStart(ServletHolder.java:369) ~[org.apache.felix.http.jetty-4.2.0.jar:?]
	at org.eclipse.jetty.util.component.AbstractLifeCycle.start(AbstractLifeCycle.java:73) ~[org.apache.felix.http.jetty-4.2.0.jar:?]
	at org.eclipse.jetty.servlet.ServletHandler.lambda$initialize$0(ServletHandler.java:730) ~[org.apache.felix.http.jetty-4.2.0.jar:?]
	at java.util.stream.SortedOps$SizedRefSortingSink.end(SortedOps.java:357) ~[?:?]
	at java.util.stream.AbstractPipeline.copyInto(AbstractPipeline.java:485) ~[?:?]
	at java.util.stream.AbstractPipeline.wrapAndCopyInto(AbstractPipeline.java:474) ~[?:?]
	at java.util.stream.StreamSpliterators$WrappingSpliterator.forEachRemaining(StreamSpliterators.java:312) ~[?:?]
	at java.util.stream.Streams$ConcatSpliterator.forEachRemaining(Streams.java:735) ~[?:?]
	at java.util.stream.ReferencePipeline$Head.forEach(ReferencePipeline.java:658) ~[?:?]
	at org.eclipse.jetty.servlet.ServletHandler.initialize(ServletHandler.java:755) ~[org.apache.felix.http.jetty-4.2.0.jar:?]
	at org.eclipse.jetty.servlet.ServletContextHandler.startContext(ServletContextHandler.java:379) ~[org.apache.felix.http.jetty-4.2.0.jar:?]
	at org.eclipse.jetty.webapp.WebAppContext.startWebapp(WebAppContext.java:1449) ~[org.apache.felix.http.jetty-4.2.0.jar:?]
	at org.eclipse.jetty.webapp.WebAppContext.startContext(WebAppContext.java:1414) ~[org.apache.felix.http.jetty-4.2.0.jar:?]
	at org.eclipse.jetty.server.handler.ContextHandler.doStart(ContextHandler.java:916) ~[org.apache.felix.http.jetty-4.2.0.jar:?]
	at org.eclipse.jetty.servlet.ServletContextHandler.doStart(ServletContextHandler.java:288) ~[org.apache.felix.http.jetty-4.2.0.jar:?]
	at org.eclipse.jetty.webapp.WebAppContext.doStart(WebAppContext.java:524) [org.apache.felix.http.jetty-4.2.0.jar:?]
	at org.eclipse.jetty.util.component.AbstractLifeCycle.start(AbstractLifeCycle.java:73) [org.apache.felix.http.jetty-4.2.0.jar:?]
	at org.apache.felix.http.jetty.internal.webapp.WebAppBundleTracker$4.doExecute(WebAppBundleTracker.java:248) [org.apache.felix.http.jetty-4.2.0.jar:?]
	at org.apache.felix.http.jetty.internal.webapp.WebAppBundleTracker$JettyOperation.call(WebAppBundleTracker.java:413) [org.apache.felix.http.jetty-4.2.0.jar:?]
	at org.apache.felix.http.jetty.internal.webapp.WebAppBundleTracker$JettyOperation.call(WebAppBundleTracker.java:403) [org.apache.felix.http.jetty-4.2.0.jar:?]
	at java.util.concurrent.FutureTask.run(FutureTask.java:264) [?:?]
	at java.util.concurrent.ThreadPoolExecutor.runWorker(ThreadPoolExecutor.java:1128) [?:?]
	at java.util.concurrent.ThreadPoolExecutor$Worker.run(ThreadPoolExecutor.java:628) [?:?]
	at java.lang.Thread.run(Thread.java:829) [?:?]
2022.04.29 15:58:44,447 ERROR [Jetty HTTP Service] LogService.org.apache.felix.http.jetty: Deploying web application bundle org.gecko.playground.wab.jersey failed.
javax.servlet.UnavailableException: Class loading error for holder javax.ws.rs.core.Application==org.glassfish.jersey.servlet.ServletContainer@83f91b4{jsp=null,order=1,inst=false,async=true,src=DESCRIPTOR:bundleentry://15.fwk783191662/WEB-INF/web.xml,STARTING}
	at org.eclipse.jetty.servlet.BaseHolder.doStart(BaseHolder.java:96) ~[?:?]
	at org.eclipse.jetty.servlet.ServletHolder.doStart(ServletHolder.java:369) ~[?:?]
	at org.eclipse.jetty.util.component.AbstractLifeCycle.start(AbstractLifeCycle.java:73) ~[?:?]
	at org.eclipse.jetty.servlet.ServletHandler.lambda$initialize$0(ServletHandler.java:730) ~[?:?]
	at java.util.stream.SortedOps$SizedRefSortingSink.end(SortedOps.java:357) ~[?:?]
	at java.util.stream.AbstractPipeline.copyInto(AbstractPipeline.java:485) ~[?:?]
	at java.util.stream.AbstractPipeline.wrapAndCopyInto(AbstractPipeline.java:474) ~[?:?]
	at java.util.stream.StreamSpliterators$WrappingSpliterator.forEachRemaining(StreamSpliterators.java:312) ~[?:?]
	at java.util.stream.Streams$ConcatSpliterator.forEachRemaining(Streams.java:735) ~[?:?]
	at java.util.stream.ReferencePipeline$Head.forEach(ReferencePipeline.java:658) ~[?:?]
	at org.eclipse.jetty.servlet.ServletHandler.initialize(ServletHandler.java:755) ~[?:?]
	at org.eclipse.jetty.servlet.ServletContextHandler.startContext(ServletContextHandler.java:379) ~[?:?]
	at org.eclipse.jetty.webapp.WebAppContext.startWebapp(WebAppContext.java:1449) ~[?:?]
	at org.eclipse.jetty.webapp.WebAppContext.startContext(WebAppContext.java:1414) ~[?:?]
	at org.eclipse.jetty.server.handler.ContextHandler.doStart(ContextHandler.java:916) ~[?:?]
	at org.eclipse.jetty.servlet.ServletContextHandler.doStart(ServletContextHandler.java:288) ~[?:?]
	at org.eclipse.jetty.webapp.WebAppContext.doStart(WebAppContext.java:524) ~[?:?]
	at org.eclipse.jetty.util.component.AbstractLifeCycle.start(AbstractLifeCycle.java:73) ~[?:?]
	at org.apache.felix.http.jetty.internal.webapp.WebAppBundleTracker$4.doExecute(WebAppBundleTracker.java:248) ~[?:?]
	at org.apache.felix.http.jetty.internal.webapp.WebAppBundleTracker$JettyOperation.call(WebAppBundleTracker.java:413) ~[?:?]
	at org.apache.felix.http.jetty.internal.webapp.WebAppBundleTracker$JettyOperation.call(WebAppBundleTracker.java:403) ~[?:?]
	at java.util.concurrent.FutureTask.run(FutureTask.java:264) ~[?:?]
	at java.util.concurrent.ThreadPoolExecutor.runWorker(ThreadPoolExecutor.java:1128) [?:?]
	at java.util.concurrent.ThreadPoolExecutor$Worker.run(ThreadPoolExecutor.java:628) [?:?]
	at java.lang.Thread.run(Thread.java:829) [?:?]
2022.04.29 16:00:40,587 INFO  [pool-1-thread-1] org.eclipse.jetty.server.AbstractConnector: Stopped ServerConnector@bcb2487{HTTP/1.1, (http/1.1)}{0.0.0.0:8080}
2022.04.29 16:00:40,588 INFO  [pool-1-thread-1] org.eclipse.jetty.server.session: node0 Stopped scavenging
2022.04.29 16:00:40,588 INFO  [pool-1-thread-1] org.eclipse.jetty.server.handler.ContextHandler: Stopped o.e.j.s.ServletContextHandler@64068385{/,null,STOPPED}
2022.04.29 16:00:40,590 INFO  [pool-1-thread-1] LogService.org.apache.felix.http.jetty: Stopped Jetty.
2022.04.29 16:00:58,404 INFO  [Start Level: Equinox Container: e861e1ea-779c-4f68-978e-34bf78793044] org.eclipse.jetty.util.log: Logging initialized @873ms to org.eclipse.jetty.util.log.Slf4jLog
2022.04.29 16:00:58,429 INFO  [Start Level: Equinox Container: e861e1ea-779c-4f68-978e-34bf78793044] org.eclipse.jetty.server.Server: jetty-9.4.45.v20220203; built: 2022-02-03T09:14:34.105Z; git: 4a0c91c0be53805e3fcffdcdcc9587d5301863db; jvm 11.0.15+10-Ubuntu-0ubuntu0.20.04.1
2022.04.29 16:00:58,451 INFO  [Start Level: Equinox Container: e861e1ea-779c-4f68-978e-34bf78793044] org.eclipse.jetty.server.session: DefaultSessionIdManager workerName=node0
2022.04.29 16:00:58,451 INFO  [Start Level: Equinox Container: e861e1ea-779c-4f68-978e-34bf78793044] org.eclipse.jetty.server.session: No SessionScavenger set, using defaults
2022.04.29 16:00:58,452 INFO  [Start Level: Equinox Container: e861e1ea-779c-4f68-978e-34bf78793044] org.eclipse.jetty.server.session: node0 Scavenging every 660000ms
2022.04.29 16:00:58,466 INFO  [Start Level: Equinox Container: e861e1ea-779c-4f68-978e-34bf78793044] org.eclipse.jetty.server.handler.ContextHandler: Started o.e.j.s.ServletContextHandler@1b8ae2f9{/,null,AVAILABLE}
2022.04.29 16:00:58,466 INFO  [Start Level: Equinox Container: e861e1ea-779c-4f68-978e-34bf78793044] org.eclipse.jetty.server.Server: Started @937ms
2022.04.29 16:00:58,466 INFO  [Start Level: Equinox Container: e861e1ea-779c-4f68-978e-34bf78793044] org.eclipse.jetty.server.session: node0 Scavenging every 660000ms
2022.04.29 16:00:58,485 INFO  [Start Level: Equinox Container: e861e1ea-779c-4f68-978e-34bf78793044] org.eclipse.jetty.server.AbstractConnector: Started ServerConnector@3e4e818f{HTTP/1.1, (http/1.1)}{0.0.0.0:8080}
2022.04.29 16:00:58,486 INFO  [Start Level: Equinox Container: e861e1ea-779c-4f68-978e-34bf78793044] LogService.org.apache.felix.http.jetty: Started Jetty 9.4.45.v20220203 at port(s) HTTP:8080 on context path / [minThreads=8,maxThreads=200,acceptors=2,selectors=8]
2022.04.29 16:00:58,516 INFO  [Start Level: Equinox Container: e861e1ea-779c-4f68-978e-34bf78793044] ROOT: bundle org.apache.felix.scr:2.2.0 (29) Starting with globalExtender setting: false
2022.04.29 16:00:58,518 INFO  [Start Level: Equinox Container: e861e1ea-779c-4f68-978e-34bf78793044] ROOT: bundle org.apache.felix.scr:2.2.0 (29)  Version = 2.2.0
2022.04.29 16:00:58,529 INFO  [Jetty HTTP Service] org.eclipse.jetty.webapp.StandardDescriptorProcessor: NO JSP Support for /rest, did not find org.eclipse.jetty.jsp.JettyJspServlet
2022.04.29 16:00:58,538 WARN  [Jetty HTTP Service] org.eclipse.jetty.servlet.BaseHolder: 
java.lang.ClassNotFoundException: org.glassfish.jersey.servlet.ServletContainer
	at java.lang.ClassLoader.findClass(ClassLoader.java:719) ~[?:?]
	at org.apache.felix.http.jetty.internal.webapp.WebAppBundleContext$1.findClass(WebAppBundleContext.java:54) ~[org.apache.felix.http.jetty-4.2.0.jar:?]
	at java.lang.ClassLoader.loadClass(ClassLoader.java:589) ~[?:?]
	at java.lang.ClassLoader.loadClass(ClassLoader.java:522) ~[?:?]
	at org.eclipse.jetty.util.Loader.loadClass(Loader.java:64) ~[org.apache.felix.http.jetty-4.2.0.jar:?]
	at org.eclipse.jetty.servlet.BaseHolder.doStart(BaseHolder.java:89) ~[org.apache.felix.http.jetty-4.2.0.jar:?]
	at org.eclipse.jetty.servlet.ServletHolder.doStart(ServletHolder.java:369) ~[org.apache.felix.http.jetty-4.2.0.jar:?]
	at org.eclipse.jetty.util.component.AbstractLifeCycle.start(AbstractLifeCycle.java:73) ~[org.apache.felix.http.jetty-4.2.0.jar:?]
	at org.eclipse.jetty.servlet.ServletHandler.lambda$initialize$0(ServletHandler.java:730) ~[org.apache.felix.http.jetty-4.2.0.jar:?]
	at java.util.stream.SortedOps$SizedRefSortingSink.end(SortedOps.java:357) [?:?]
	at java.util.stream.AbstractPipeline.copyInto(AbstractPipeline.java:485) [?:?]
	at java.util.stream.AbstractPipeline.wrapAndCopyInto(AbstractPipeline.java:474) [?:?]
	at java.util.stream.StreamSpliterators$WrappingSpliterator.forEachRemaining(StreamSpliterators.java:312) [?:?]
	at java.util.stream.Streams$ConcatSpliterator.forEachRemaining(Streams.java:735) [?:?]
	at java.util.stream.ReferencePipeline$Head.forEach(ReferencePipeline.java:658) [?:?]
	at org.eclipse.jetty.servlet.ServletHandler.initialize(ServletHandler.java:755) [org.apache.felix.http.jetty-4.2.0.jar:?]
	at org.eclipse.jetty.servlet.ServletContextHandler.startContext(ServletContextHandler.java:379) [org.apache.felix.http.jetty-4.2.0.jar:?]
	at org.eclipse.jetty.webapp.WebAppContext.startWebapp(WebAppContext.java:1449) [org.apache.felix.http.jetty-4.2.0.jar:?]
	at org.eclipse.jetty.webapp.WebAppContext.startContext(WebAppContext.java:1414) [org.apache.felix.http.jetty-4.2.0.jar:?]
	at org.eclipse.jetty.server.handler.ContextHandler.doStart(ContextHandler.java:916) [org.apache.felix.http.jetty-4.2.0.jar:?]
	at org.eclipse.jetty.servlet.ServletContextHandler.doStart(ServletContextHandler.java:288) [org.apache.felix.http.jetty-4.2.0.jar:?]
	at org.eclipse.jetty.webapp.WebAppContext.doStart(WebAppContext.java:524) [org.apache.felix.http.jetty-4.2.0.jar:?]
	at org.eclipse.jetty.util.component.AbstractLifeCycle.start(AbstractLifeCycle.java:73) [org.apache.felix.http.jetty-4.2.0.jar:?]
	at org.apache.felix.http.jetty.internal.webapp.WebAppBundleTracker$4.doExecute(WebAppBundleTracker.java:248) [org.apache.felix.http.jetty-4.2.0.jar:?]
	at org.apache.felix.http.jetty.internal.webapp.WebAppBundleTracker$JettyOperation.call(WebAppBundleTracker.java:413) [org.apache.felix.http.jetty-4.2.0.jar:?]
	at org.apache.felix.http.jetty.internal.webapp.WebAppBundleTracker$JettyOperation.call(WebAppBundleTracker.java:403) [org.apache.felix.http.jetty-4.2.0.jar:?]
	at java.util.concurrent.FutureTask.run(FutureTask.java:264) [?:?]
	at java.util.concurrent.ThreadPoolExecutor.runWorker(ThreadPoolExecutor.java:1128) [?:?]
	at java.util.concurrent.ThreadPoolExecutor$Worker.run(ThreadPoolExecutor.java:628) [?:?]
	at java.lang.Thread.run(Thread.java:829) [?:?]
2022.04.29 16:00:58,541 WARN  [Jetty HTTP Service] org.eclipse.jetty.webapp.WebAppContext: Failed startup of context o.a.f.h.j.i.w.WebAppBundleContext@59511e41{/rest,bundleentry://5.fwk783191662/,UNAVAILABLE}{rest}
javax.servlet.UnavailableException: Class loading error for holder javax.ws.rs.core.Application==org.glassfish.jersey.servlet.ServletContainer@83f91b4{jsp=null,order=1,inst=false,async=true,src=DESCRIPTOR:bundleentry://5.fwk783191662/WEB-INF/web.xml,STARTING}
	at org.eclipse.jetty.servlet.BaseHolder.doStart(BaseHolder.java:96) ~[org.apache.felix.http.jetty-4.2.0.jar:?]
	at org.eclipse.jetty.servlet.ServletHolder.doStart(ServletHolder.java:369) ~[org.apache.felix.http.jetty-4.2.0.jar:?]
	at org.eclipse.jetty.util.component.AbstractLifeCycle.start(AbstractLifeCycle.java:73) ~[org.apache.felix.http.jetty-4.2.0.jar:?]
	at org.eclipse.jetty.servlet.ServletHandler.lambda$initialize$0(ServletHandler.java:730) ~[org.apache.felix.http.jetty-4.2.0.jar:?]
	at java.util.stream.SortedOps$SizedRefSortingSink.end(SortedOps.java:357) ~[?:?]
	at java.util.stream.AbstractPipeline.copyInto(AbstractPipeline.java:485) ~[?:?]
	at java.util.stream.AbstractPipeline.wrapAndCopyInto(AbstractPipeline.java:474) ~[?:?]
	at java.util.stream.StreamSpliterators$WrappingSpliterator.forEachRemaining(StreamSpliterators.java:312) ~[?:?]
	at java.util.stream.Streams$ConcatSpliterator.forEachRemaining(Streams.java:735) ~[?:?]
	at java.util.stream.ReferencePipeline$Head.forEach(ReferencePipeline.java:658) ~[?:?]
	at org.eclipse.jetty.servlet.ServletHandler.initialize(ServletHandler.java:755) ~[org.apache.felix.http.jetty-4.2.0.jar:?]
	at org.eclipse.jetty.servlet.ServletContextHandler.startContext(ServletContextHandler.java:379) ~[org.apache.felix.http.jetty-4.2.0.jar:?]
	at org.eclipse.jetty.webapp.WebAppContext.startWebapp(WebAppContext.java:1449) ~[org.apache.felix.http.jetty-4.2.0.jar:?]
	at org.eclipse.jetty.webapp.WebAppContext.startContext(WebAppContext.java:1414) ~[org.apache.felix.http.jetty-4.2.0.jar:?]
	at org.eclipse.jetty.server.handler.ContextHandler.doStart(ContextHandler.java:916) ~[org.apache.felix.http.jetty-4.2.0.jar:?]
	at org.eclipse.jetty.servlet.ServletContextHandler.doStart(ServletContextHandler.java:288) ~[org.apache.felix.http.jetty-4.2.0.jar:?]
	at org.eclipse.jetty.webapp.WebAppContext.doStart(WebAppContext.java:524) [org.apache.felix.http.jetty-4.2.0.jar:?]
	at org.eclipse.jetty.util.component.AbstractLifeCycle.start(AbstractLifeCycle.java:73) [org.apache.felix.http.jetty-4.2.0.jar:?]
	at org.apache.felix.http.jetty.internal.webapp.WebAppBundleTracker$4.doExecute(WebAppBundleTracker.java:248) [org.apache.felix.http.jetty-4.2.0.jar:?]
	at org.apache.felix.http.jetty.internal.webapp.WebAppBundleTracker$JettyOperation.call(WebAppBundleTracker.java:413) [org.apache.felix.http.jetty-4.2.0.jar:?]
	at org.apache.felix.http.jetty.internal.webapp.WebAppBundleTracker$JettyOperation.call(WebAppBundleTracker.java:403) [org.apache.felix.http.jetty-4.2.0.jar:?]
	at java.util.concurrent.FutureTask.run(FutureTask.java:264) [?:?]
	at java.util.concurrent.ThreadPoolExecutor.runWorker(ThreadPoolExecutor.java:1128) [?:?]
	at java.util.concurrent.ThreadPoolExecutor$Worker.run(ThreadPoolExecutor.java:628) [?:?]
	at java.lang.Thread.run(Thread.java:829) [?:?]
2022.04.29 16:00:58,541 ERROR [Jetty HTTP Service] LogService.org.apache.felix.http.jetty: Deploying web application bundle org.gecko.playground.wab.jersey failed.
javax.servlet.UnavailableException: Class loading error for holder javax.ws.rs.core.Application==org.glassfish.jersey.servlet.ServletContainer@83f91b4{jsp=null,order=1,inst=false,async=true,src=DESCRIPTOR:bundleentry://5.fwk783191662/WEB-INF/web.xml,STARTING}
	at org.eclipse.jetty.servlet.BaseHolder.doStart(BaseHolder.java:96) ~[?:?]
	at org.eclipse.jetty.servlet.ServletHolder.doStart(ServletHolder.java:369) ~[?:?]
	at org.eclipse.jetty.util.component.AbstractLifeCycle.start(AbstractLifeCycle.java:73) ~[?:?]
	at org.eclipse.jetty.servlet.ServletHandler.lambda$initialize$0(ServletHandler.java:730) ~[?:?]
	at java.util.stream.SortedOps$SizedRefSortingSink.end(SortedOps.java:357) ~[?:?]
	at java.util.stream.AbstractPipeline.copyInto(AbstractPipeline.java:485) ~[?:?]
	at java.util.stream.AbstractPipeline.wrapAndCopyInto(AbstractPipeline.java:474) ~[?:?]
	at java.util.stream.StreamSpliterators$WrappingSpliterator.forEachRemaining(StreamSpliterators.java:312) ~[?:?]
	at java.util.stream.Streams$ConcatSpliterator.forEachRemaining(Streams.java:735) ~[?:?]
	at java.util.stream.ReferencePipeline$Head.forEach(ReferencePipeline.java:658) ~[?:?]
	at org.eclipse.jetty.servlet.ServletHandler.initialize(ServletHandler.java:755) ~[?:?]
	at org.eclipse.jetty.servlet.ServletContextHandler.startContext(ServletContextHandler.java:379) ~[?:?]
	at org.eclipse.jetty.webapp.WebAppContext.startWebapp(WebAppContext.java:1449) ~[?:?]
	at org.eclipse.jetty.webapp.WebAppContext.startContext(WebAppContext.java:1414) ~[?:?]
	at org.eclipse.jetty.server.handler.ContextHandler.doStart(ContextHandler.java:916) ~[?:?]
	at org.eclipse.jetty.servlet.ServletContextHandler.doStart(ServletContextHandler.java:288) ~[?:?]
	at org.eclipse.jetty.webapp.WebAppContext.doStart(WebAppContext.java:524) ~[?:?]
	at org.eclipse.jetty.util.component.AbstractLifeCycle.start(AbstractLifeCycle.java:73) ~[?:?]
	at org.apache.felix.http.jetty.internal.webapp.WebAppBundleTracker$4.doExecute(WebAppBundleTracker.java:248) ~[?:?]
	at org.apache.felix.http.jetty.internal.webapp.WebAppBundleTracker$JettyOperation.call(WebAppBundleTracker.java:413) ~[?:?]
	at org.apache.felix.http.jetty.internal.webapp.WebAppBundleTracker$JettyOperation.call(WebAppBundleTracker.java:403) ~[?:?]
	at java.util.concurrent.FutureTask.run(FutureTask.java:264) ~[?:?]
	at java.util.concurrent.ThreadPoolExecutor.runWorker(ThreadPoolExecutor.java:1128) [?:?]
	at java.util.concurrent.ThreadPoolExecutor$Worker.run(ThreadPoolExecutor.java:628) [?:?]
	at java.lang.Thread.run(Thread.java:829) [?:?]
2022.04.29 16:01:50,695 INFO  [pool-1-thread-1] org.eclipse.jetty.server.AbstractConnector: Stopped ServerConnector@3e4e818f{HTTP/1.1, (http/1.1)}{0.0.0.0:8080}
2022.04.29 16:01:50,696 INFO  [pool-1-thread-1] org.eclipse.jetty.server.session: node0 Stopped scavenging
2022.04.29 16:01:50,696 INFO  [pool-1-thread-1] org.eclipse.jetty.server.handler.ContextHandler: Stopped o.e.j.s.ServletContextHandler@1b8ae2f9{/,null,STOPPED}
2022.04.29 16:01:50,698 INFO  [pool-1-thread-1] LogService.org.apache.felix.http.jetty: Stopped Jetty.
2022.04.29 16:02:11,415 INFO  [FelixStartLevel] org.eclipse.jetty.util.log: Logging initialized @699ms to org.eclipse.jetty.util.log.Slf4jLog
2022.04.29 16:02:11,439 INFO  [FelixStartLevel] org.eclipse.jetty.server.Server: jetty-9.4.45.v20220203; built: 2022-02-03T09:14:34.105Z; git: 4a0c91c0be53805e3fcffdcdcc9587d5301863db; jvm 11.0.15+10-Ubuntu-0ubuntu0.20.04.1
2022.04.29 16:02:11,455 INFO  [FelixStartLevel] org.eclipse.jetty.server.session: DefaultSessionIdManager workerName=node0
2022.04.29 16:02:11,456 INFO  [FelixStartLevel] org.eclipse.jetty.server.session: No SessionScavenger set, using defaults
2022.04.29 16:02:11,457 INFO  [FelixStartLevel] org.eclipse.jetty.server.session: node0 Scavenging every 660000ms
2022.04.29 16:02:11,461 INFO  [FelixStartLevel] org.eclipse.jetty.server.handler.ContextHandler: Started o.e.j.s.ServletContextHandler@385d53f6{/,null,AVAILABLE}
2022.04.29 16:02:11,461 INFO  [FelixStartLevel] org.eclipse.jetty.server.Server: Started @747ms
2022.04.29 16:02:11,462 INFO  [FelixStartLevel] org.eclipse.jetty.server.session: node0 Scavenging every 600000ms
2022.04.29 16:02:11,480 INFO  [FelixStartLevel] org.eclipse.jetty.server.AbstractConnector: Started ServerConnector@a0db3f1{HTTP/1.1, (http/1.1)}{0.0.0.0:8080}
2022.04.29 16:02:11,530 INFO  [Jetty HTTP Service] org.eclipse.jetty.webapp.StandardDescriptorProcessor: NO JSP Support for /rest, did not find org.eclipse.jetty.jsp.JettyJspServlet
2022.04.29 16:02:11,586 WARN  [Jetty HTTP Service] org.eclipse.jetty.server.handler.ContextHandler.rest: unavailable
java.lang.IllegalStateException: InjectionManagerFactory not found.
	at org.glassfish.jersey.internal.inject.Injections.lambda$lookupInjectionManagerFactory$0(Injections.java:74) ~[jersey-common-2.32.jar:?]
	at java.util.Optional.orElseThrow(Optional.java:408) ~[?:?]
	at org.glassfish.jersey.internal.inject.Injections.lookupInjectionManagerFactory(Injections.java:74) ~[jersey-common-2.32.jar:?]
	at org.glassfish.jersey.internal.inject.Injections.createInjectionManager(Injections.java:69) ~[jersey-common-2.32.jar:?]
	at org.glassfish.jersey.server.ApplicationHandler.<init>(ApplicationHandler.java:259) ~[jersey-server-2.32.jar:?]
	at org.glassfish.jersey.servlet.WebComponent.<init>(WebComponent.java:311) ~[jersey-container-servlet-core-2.32.jar:?]
	at org.glassfish.jersey.servlet.ServletContainer.init(ServletContainer.java:154) ~[jersey-container-servlet-core-2.32.jar:?]
	at org.glassfish.jersey.servlet.ServletContainer.init(ServletContainer.java:347) ~[jersey-container-servlet-core-2.32.jar:?]
	at javax.servlet.GenericServlet.init(GenericServlet.java:158) ~[org.apache.felix.http.servlet-api-1.2.0.jar:?]
	at org.eclipse.jetty.servlet.ServletHolder.initServlet(ServletHolder.java:632) ~[org.apache.felix.http.jetty-4.2.0.jar:?]
	at org.eclipse.jetty.servlet.ServletHolder.initialize(ServletHolder.java:415) ~[org.apache.felix.http.jetty-4.2.0.jar:?]
	at org.eclipse.jetty.servlet.ServletHandler.lambda$initialize$0(ServletHandler.java:731) ~[org.apache.felix.http.jetty-4.2.0.jar:?]
	at java.util.stream.SortedOps$SizedRefSortingSink.end(SortedOps.java:357) [?:?]
	at java.util.stream.AbstractPipeline.copyInto(AbstractPipeline.java:485) [?:?]
	at java.util.stream.AbstractPipeline.wrapAndCopyInto(AbstractPipeline.java:474) [?:?]
	at java.util.stream.StreamSpliterators$WrappingSpliterator.forEachRemaining(StreamSpliterators.java:312) [?:?]
	at java.util.stream.Streams$ConcatSpliterator.forEachRemaining(Streams.java:735) [?:?]
	at java.util.stream.ReferencePipeline$Head.forEach(ReferencePipeline.java:658) [?:?]
	at org.eclipse.jetty.servlet.ServletHandler.initialize(ServletHandler.java:755) [org.apache.felix.http.jetty-4.2.0.jar:?]
	at org.eclipse.jetty.servlet.ServletContextHandler.startContext(ServletContextHandler.java:379) [org.apache.felix.http.jetty-4.2.0.jar:?]
	at org.eclipse.jetty.webapp.WebAppContext.startWebapp(WebAppContext.java:1449) [org.apache.felix.http.jetty-4.2.0.jar:?]
	at org.eclipse.jetty.webapp.WebAppContext.startContext(WebAppContext.java:1414) [org.apache.felix.http.jetty-4.2.0.jar:?]
	at org.eclipse.jetty.server.handler.ContextHandler.doStart(ContextHandler.java:916) [org.apache.felix.http.jetty-4.2.0.jar:?]
	at org.eclipse.jetty.servlet.ServletContextHandler.doStart(ServletContextHandler.java:288) [org.apache.felix.http.jetty-4.2.0.jar:?]
	at org.eclipse.jetty.webapp.WebAppContext.doStart(WebAppContext.java:524) [org.apache.felix.http.jetty-4.2.0.jar:?]
	at org.eclipse.jetty.util.component.AbstractLifeCycle.start(AbstractLifeCycle.java:73) [org.apache.felix.http.jetty-4.2.0.jar:?]
	at org.apache.felix.http.jetty.internal.webapp.WebAppBundleTracker$4.doExecute(WebAppBundleTracker.java:248) [org.apache.felix.http.jetty-4.2.0.jar:?]
	at org.apache.felix.http.jetty.internal.webapp.WebAppBundleTracker$JettyOperation.call(WebAppBundleTracker.java:413) [org.apache.felix.http.jetty-4.2.0.jar:?]
	at org.apache.felix.http.jetty.internal.webapp.WebAppBundleTracker$JettyOperation.call(WebAppBundleTracker.java:403) [org.apache.felix.http.jetty-4.2.0.jar:?]
	at java.util.concurrent.FutureTask.run(FutureTask.java:264) [?:?]
	at java.util.concurrent.ThreadPoolExecutor.runWorker(ThreadPoolExecutor.java:1128) [?:?]
	at java.util.concurrent.ThreadPoolExecutor$Worker.run(ThreadPoolExecutor.java:628) [?:?]
	at java.lang.Thread.run(Thread.java:829) [?:?]
2022.04.29 16:02:11,591 WARN  [Jetty HTTP Service] org.eclipse.jetty.webapp.WebAppContext: Failed startup of context o.a.f.h.j.i.w.WebAppBundleContext@1ba18066{/rest,bundle://d07dae16-2381-4f3d-8428-c68ad781102a_5.0:0/,UNAVAILABLE}{rest}
javax.servlet.ServletException: javax.ws.rs.core.Application==org.glassfish.jersey.servlet.ServletContainer@83f91b4{jsp=null,order=1,inst=true,async=true,src=DESCRIPTOR:bundle://d07dae16-2381-4f3d-8428-c68ad781102a_5.0:0/WEB-INF/web.xml,STARTED}
	at org.eclipse.jetty.servlet.ServletHolder.initServlet(ServletHolder.java:650) ~[org.apache.felix.http.jetty-4.2.0.jar:?]
	at org.eclipse.jetty.servlet.ServletHolder.initialize(ServletHolder.java:415) ~[org.apache.felix.http.jetty-4.2.0.jar:?]
	at org.eclipse.jetty.servlet.ServletHandler.lambda$initialize$0(ServletHandler.java:731) ~[org.apache.felix.http.jetty-4.2.0.jar:?]
	at java.util.stream.SortedOps$SizedRefSortingSink.end(SortedOps.java:357) ~[?:?]
	at java.util.stream.AbstractPipeline.copyInto(AbstractPipeline.java:485) ~[?:?]
	at java.util.stream.AbstractPipeline.wrapAndCopyInto(AbstractPipeline.java:474) ~[?:?]
	at java.util.stream.StreamSpliterators$WrappingSpliterator.forEachRemaining(StreamSpliterators.java:312) ~[?:?]
	at java.util.stream.Streams$ConcatSpliterator.forEachRemaining(Streams.java:735) ~[?:?]
	at java.util.stream.ReferencePipeline$Head.forEach(ReferencePipeline.java:658) ~[?:?]
	at org.eclipse.jetty.servlet.ServletHandler.initialize(ServletHandler.java:755) ~[org.apache.felix.http.jetty-4.2.0.jar:?]
	at org.eclipse.jetty.servlet.ServletContextHandler.startContext(ServletContextHandler.java:379) ~[org.apache.felix.http.jetty-4.2.0.jar:?]
	at org.eclipse.jetty.webapp.WebAppContext.startWebapp(WebAppContext.java:1449) ~[org.apache.felix.http.jetty-4.2.0.jar:?]
	at org.eclipse.jetty.webapp.WebAppContext.startContext(WebAppContext.java:1414) ~[org.apache.felix.http.jetty-4.2.0.jar:?]
	at org.eclipse.jetty.server.handler.ContextHandler.doStart(ContextHandler.java:916) ~[org.apache.felix.http.jetty-4.2.0.jar:?]
	at org.eclipse.jetty.servlet.ServletContextHandler.doStart(ServletContextHandler.java:288) ~[org.apache.felix.http.jetty-4.2.0.jar:?]
	at org.eclipse.jetty.webapp.WebAppContext.doStart(WebAppContext.java:524) [org.apache.felix.http.jetty-4.2.0.jar:?]
	at org.eclipse.jetty.util.component.AbstractLifeCycle.start(AbstractLifeCycle.java:73) [org.apache.felix.http.jetty-4.2.0.jar:?]
	at org.apache.felix.http.jetty.internal.webapp.WebAppBundleTracker$4.doExecute(WebAppBundleTracker.java:248) [org.apache.felix.http.jetty-4.2.0.jar:?]
	at org.apache.felix.http.jetty.internal.webapp.WebAppBundleTracker$JettyOperation.call(WebAppBundleTracker.java:413) [org.apache.felix.http.jetty-4.2.0.jar:?]
	at org.apache.felix.http.jetty.internal.webapp.WebAppBundleTracker$JettyOperation.call(WebAppBundleTracker.java:403) [org.apache.felix.http.jetty-4.2.0.jar:?]
	at java.util.concurrent.FutureTask.run(FutureTask.java:264) [?:?]
	at java.util.concurrent.ThreadPoolExecutor.runWorker(ThreadPoolExecutor.java:1128) [?:?]
	at java.util.concurrent.ThreadPoolExecutor$Worker.run(ThreadPoolExecutor.java:628) [?:?]
	at java.lang.Thread.run(Thread.java:829) [?:?]
Caused by: java.lang.IllegalStateException: InjectionManagerFactory not found.
	at org.glassfish.jersey.internal.inject.Injections.lambda$lookupInjectionManagerFactory$0(Injections.java:74) ~[jersey-common-2.32.jar:?]
	at java.util.Optional.orElseThrow(Optional.java:408) ~[?:?]
	at org.glassfish.jersey.internal.inject.Injections.lookupInjectionManagerFactory(Injections.java:74) ~[jersey-common-2.32.jar:?]
	at org.glassfish.jersey.internal.inject.Injections.createInjectionManager(Injections.java:69) ~[jersey-common-2.32.jar:?]
	at org.glassfish.jersey.server.ApplicationHandler.<init>(ApplicationHandler.java:259) ~[jersey-server-2.32.jar:?]
	at org.glassfish.jersey.servlet.WebComponent.<init>(WebComponent.java:311) ~[jersey-container-servlet-core-2.32.jar:?]
	at org.glassfish.jersey.servlet.ServletContainer.init(ServletContainer.java:154) ~[jersey-container-servlet-core-2.32.jar:?]
	at org.glassfish.jersey.servlet.ServletContainer.init(ServletContainer.java:347) ~[jersey-container-servlet-core-2.32.jar:?]
	at javax.servlet.GenericServlet.init(GenericServlet.java:158) ~[org.apache.felix.http.servlet-api-1.2.0.jar:?]
	at org.eclipse.jetty.servlet.ServletHolder.initServlet(ServletHolder.java:632) ~[org.apache.felix.http.jetty-4.2.0.jar:?]
	... 23 more
2022.04.29 16:02:56,584 INFO  [FelixStartLevel] org.eclipse.jetty.util.log: Logging initialized @707ms to org.eclipse.jetty.util.log.Slf4jLog
2022.04.29 16:02:56,610 INFO  [FelixStartLevel] org.eclipse.jetty.server.Server: jetty-9.4.45.v20220203; built: 2022-02-03T09:14:34.105Z; git: 4a0c91c0be53805e3fcffdcdcc9587d5301863db; jvm 11.0.15+10-Ubuntu-0ubuntu0.20.04.1
2022.04.29 16:02:56,628 INFO  [FelixStartLevel] org.eclipse.jetty.server.session: DefaultSessionIdManager workerName=node0
2022.04.29 16:02:56,628 INFO  [FelixStartLevel] org.eclipse.jetty.server.session: No SessionScavenger set, using defaults
2022.04.29 16:02:56,629 INFO  [FelixStartLevel] org.eclipse.jetty.server.session: node0 Scavenging every 660000ms
2022.04.29 16:02:56,634 INFO  [FelixStartLevel] org.eclipse.jetty.server.handler.ContextHandler: Started o.e.j.s.ServletContextHandler@1678e94c{/,null,AVAILABLE}
2022.04.29 16:02:56,634 INFO  [FelixStartLevel] org.eclipse.jetty.server.Server: Started @758ms
2022.04.29 16:02:56,634 INFO  [FelixStartLevel] org.eclipse.jetty.server.session: node0 Scavenging every 660000ms
2022.04.29 16:02:56,654 INFO  [FelixStartLevel] org.eclipse.jetty.server.AbstractConnector: Started ServerConnector@483350d4{HTTP/1.1, (http/1.1)}{0.0.0.0:8080}
2022.04.29 16:02:56,722 INFO  [Jetty HTTP Service] org.eclipse.jetty.webapp.StandardDescriptorProcessor: NO JSP Support for /rest, did not find org.eclipse.jetty.jsp.JettyJspServlet
2022.04.29 16:02:57,054 INFO  [Jetty HTTP Service] org.eclipse.jetty.server.handler.ContextHandler: Started o.a.f.h.j.i.w.WebAppBundleContext@5296d0f1{/rest,bundle://b5be084a-0c88-489d-b7c5-5747b9933a19_39.0:0/,AVAILABLE}{rest}
2022.04.29 16:03:37,970 INFO  [Jetty HTTP Service] org.eclipse.jetty.server.handler.ContextHandler: Stopped o.a.f.h.j.i.w.WebAppBundleContext@5296d0f1{/rest,bundle://b5be084a-0c88-489d-b7c5-5747b9933a19_39.0:0/,STOPPED}{rest}
2022.04.29 16:03:37,983 INFO  [Jetty HTTP Service] org.eclipse.jetty.webapp.StandardDescriptorProcessor: NO JSP Support for /rest, did not find org.eclipse.jetty.jsp.JettyJspServlet
2022.04.29 16:03:38,035 INFO  [Jetty HTTP Service] org.eclipse.jetty.server.handler.ContextHandler: Started o.a.f.h.j.i.w.WebAppBundleContext@24b296fd{/rest,bundle://b5be084a-0c88-489d-b7c5-5747b9933a19_39.1:0/,AVAILABLE}{rest}
2023.02.17 13:59:39,840 INFO  [Start Level: Equinox Container: c53e8998-c4e8-4834-be61-3c6ad74bbc1c] org.eclipse.jetty.server.Server: jetty-11.0.13; built: 2022-12-07T20:47:15.149Z; git: a04bd1ccf844cf9bebc12129335d7493111cbff6; jvm 11.0.17+8-post-Ubuntu-1ubuntu220.04
2023.02.17 13:59:39,954 INFO  [Start Level: Equinox Container: c53e8998-c4e8-4834-be61-3c6ad74bbc1c] org.eclipse.jetty.server.session.DefaultSessionIdManager: Session workerName=node0
2023.02.17 13:59:39,977 INFO  [Start Level: Equinox Container: c53e8998-c4e8-4834-be61-3c6ad74bbc1c] org.eclipse.jetty.server.handler.ContextHandler: Started o.e.j.s.ServletContextHandler@71f7f71e{/,null,AVAILABLE}
2023.02.17 13:59:39,982 INFO  [Start Level: Equinox Container: c53e8998-c4e8-4834-be61-3c6ad74bbc1c] org.eclipse.jetty.server.Server: Started Server@6d212c8f{STARTING}[11.0.13,sto=0] @1516ms
2023.02.17 13:59:40,057 INFO  [Start Level: Equinox Container: c53e8998-c4e8-4834-be61-3c6ad74bbc1c] org.eclipse.jetty.server.AbstractConnector: Started ServerConnector@671dbcf3{HTTP/1.1, (http/1.1)}{0.0.0.0:8080}
2023.02.17 13:59:40,060 INFO  [Start Level: Equinox Container: c53e8998-c4e8-4834-be61-3c6ad74bbc1c] org.apache.felix.http: Started Jetty 11.0.13 at port(s) HTTP:8080 on context path / [minThreads=8,maxThreads=200,acceptors=1,selectors=6]
2023.02.17 14:02:03,485 INFO  [FelixStartLevel] org.eclipse.jetty.server.Server: jetty-11.0.13; built: 2022-12-07T20:47:15.149Z; git: a04bd1ccf844cf9bebc12129335d7493111cbff6; jvm 11.0.17+8-post-Ubuntu-1ubuntu220.04
2023.02.17 14:02:03,529 INFO  [FelixStartLevel] org.eclipse.jetty.server.session.DefaultSessionIdManager: Session workerName=node0
2023.02.17 14:02:03,548 INFO  [FelixStartLevel] org.eclipse.jetty.server.handler.ContextHandler: Started o.e.j.s.ServletContextHandler@79e6fd0a{/,null,AVAILABLE}
2023.02.17 14:02:03,550 INFO  [FelixStartLevel] org.eclipse.jetty.server.Server: Started Server@4cba6dc0{STARTING}[11.0.13,sto=0] @1041ms
2023.02.17 14:02:03,593 INFO  [FelixStartLevel] org.eclipse.jetty.server.AbstractConnector: Started ServerConnector@78989286{HTTP/1.1, (http/1.1)}{0.0.0.0:8080}
2023.02.17 14:02:03,597 INFO  [FelixStartLevel] org.apache.felix.http: Started Jetty 11.0.13 at port(s) HTTP:8080 on context path / [minThreads=8,maxThreads=200,acceptors=1,selectors=6]
2023.02.17 14:03:58,592 INFO  [FelixStartLevel] org.eclipse.jetty.server.Server: jetty-11.0.13; built: 2022-12-07T20:47:15.149Z; git: a04bd1ccf844cf9bebc12129335d7493111cbff6; jvm 11.0.17+8-post-Ubuntu-1ubuntu220.04
2023.02.17 14:03:58,649 INFO  [FelixStartLevel] org.eclipse.jetty.server.session.DefaultSessionIdManager: Session workerName=node0
2023.02.17 14:03:58,665 INFO  [FelixStartLevel] org.eclipse.jetty.server.handler.ContextHandler: Started o.e.j.s.ServletContextHandler@36e5828e{/,null,AVAILABLE}
2023.02.17 14:03:58,667 INFO  [FelixStartLevel] org.eclipse.jetty.server.Server: Started Server@3abd06de{STARTING}[11.0.13,sto=0] @1069ms
2023.02.17 14:03:58,713 INFO  [FelixStartLevel] org.eclipse.jetty.server.AbstractConnector: Started ServerConnector@32c6b470{HTTP/1.1, (http/1.1)}{0.0.0.0:8080}
2023.02.17 14:03:58,715 INFO  [FelixStartLevel] org.apache.felix.http: Started Jetty 11.0.13 at port(s) HTTP:8080 on context path / [minThreads=8,maxThreads=200,acceptors=1,selectors=6]
