2022.01.28 10:52:18,290 INFO  [Start Level: Equinox Container: 76466bb2-1639-4877-af65-8017e681b0be] Events.Bundle.org.gecko.playground.logging.log4j: BundleEvent STARTED
2022.01.28 10:52:18,291 INFO  [Start Level: Equinox Container: 76466bb2-1639-4877-af65-8017e681b0be] Events.Bundle.org.apache.felix.gogo.command: BundleEvent STARTING
2022.01.28 10:52:18,293 INFO  [Start Level: Equinox Container: 76466bb2-1639-4877-af65-8017e681b0be] Events.Service.org.apache.felix.gogo.command: ServiceEvent REGISTERED
2022.01.28 10:52:18,294 INFO  [Start Level: Equinox Container: 76466bb2-1639-4877-af65-8017e681b0be] Events.Service.org.apache.felix.gogo.command: ServiceEvent REGISTERED
2022.01.28 10:52:18,294 INFO  [Start Level: Equinox Container: 76466bb2-1639-4877-af65-8017e681b0be] Events.Service.org.apache.felix.gogo.command: ServiceEvent REGISTERED
2022.01.28 10:52:18,294 INFO  [Start Level: Equinox Container: 76466bb2-1639-4877-af65-8017e681b0be] Events.Bundle.org.apache.felix.gogo.command: BundleEvent STARTED
2022.01.28 10:52:18,295 INFO  [Start Level: Equinox Container: 76466bb2-1639-4877-af65-8017e681b0be] Events.Bundle.org.apache.felix.gogo.runtime: BundleEvent STARTING
2022.01.28 10:52:18,299 INFO  [Start Level: Equinox Container: 76466bb2-1639-4877-af65-8017e681b0be] Events.Service.org.apache.felix.gogo.runtime: ServiceEvent REGISTERED
2022.01.28 10:52:18,300 INFO  [Start Level: Equinox Container: 76466bb2-1639-4877-af65-8017e681b0be] Events.Service.org.apache.felix.gogo.runtime: ServiceEvent REGISTERED
2022.01.28 10:52:18,302 INFO  [Start Level: Equinox Container: 76466bb2-1639-4877-af65-8017e681b0be] Events.Bundle.org.apache.felix.gogo.runtime: BundleEvent STARTED
2022.01.28 10:52:18,303 INFO  [Start Level: Equinox Container: 76466bb2-1639-4877-af65-8017e681b0be] Events.Bundle.org.apache.felix.gogo.shell: BundleEvent STARTING
2022.01.28 10:52:18,305 INFO  [Start Level: Equinox Container: 76466bb2-1639-4877-af65-8017e681b0be] Events.Service.org.apache.felix.gogo.shell: ServiceEvent REGISTERED
2022.01.28 10:52:18,306 INFO  [Start Level: Equinox Container: 76466bb2-1639-4877-af65-8017e681b0be] Events.Service.org.apache.felix.gogo.shell: ServiceEvent REGISTERED
2022.01.28 10:52:18,306 INFO  [Start Level: Equinox Container: 76466bb2-1639-4877-af65-8017e681b0be] Events.Service.org.apache.felix.gogo.shell: ServiceEvent REGISTERED
2022.01.28 10:52:18,307 INFO  [Start Level: Equinox Container: 76466bb2-1639-4877-af65-8017e681b0be] Events.Service.org.apache.felix.gogo.shell: ServiceEvent REGISTERED
2022.01.28 10:52:18,307 INFO  [Start Level: Equinox Container: 76466bb2-1639-4877-af65-8017e681b0be] Events.Service.org.apache.felix.gogo.shell: ServiceEvent REGISTERED
2022.01.28 10:52:18,308 INFO  [Start Level: Equinox Container: 76466bb2-1639-4877-af65-8017e681b0be] Events.Service.org.apache.felix.gogo.shell: ServiceEvent REGISTERED
2022.01.28 10:52:18,309 INFO  [Start Level: Equinox Container: 76466bb2-1639-4877-af65-8017e681b0be] Events.Bundle.org.apache.felix.gogo.shell: BundleEvent STARTED
2022.01.28 10:52:18,310 INFO  [Start Level: Equinox Container: 76466bb2-1639-4877-af65-8017e681b0be] Events.Bundle.org.apache.felix.http.servlet-api: BundleEvent STARTING
2022.01.28 10:52:18,310 INFO  [Start Level: Equinox Container: 76466bb2-1639-4877-af65-8017e681b0be] Events.Bundle.org.apache.felix.http.servlet-api: BundleEvent STARTED
2022.01.28 10:52:18,311 INFO  [Start Level: Equinox Container: 76466bb2-1639-4877-af65-8017e681b0be] Events.Bundle.org.gecko.playground.wab: BundleEvent STARTING
2022.01.28 10:52:18,311 INFO  [Start Level: Equinox Container: 76466bb2-1639-4877-af65-8017e681b0be] Events.Bundle.org.gecko.playground.wab: BundleEvent STARTED
2022.01.28 10:52:18,313 INFO  [Start Level: Equinox Container: 76466bb2-1639-4877-af65-8017e681b0be] Events.Bundle.org.apache.felix.http.jetty: BundleEvent STARTING
2022.01.28 10:52:18,334 INFO  [Start Level: Equinox Container: 76466bb2-1639-4877-af65-8017e681b0be] Events.Service.org.apache.felix.http.jetty: ServiceEvent REGISTERED
2022.01.28 10:52:18,342 INFO  [Start Level: Equinox Container: 76466bb2-1639-4877-af65-8017e681b0be] Events.Service.org.apache.felix.http.jetty: ServiceEvent REGISTERED
2022.01.28 10:52:18,388 INFO  [Start Level: Equinox Container: 76466bb2-1639-4877-af65-8017e681b0be] Events.Service.org.apache.felix.http.jetty: ServiceEvent REGISTERED
2022.01.28 10:52:18,759 INFO  [Start Level: Equinox Container: 76466bb2-1639-4877-af65-8017e681b0be] Events.Service.org.apache.felix.http.jetty: ServiceEvent REGISTERED
2022.01.28 10:52:18,759 INFO  [Start Level: Equinox Container: 76466bb2-1639-4877-af65-8017e681b0be] Events.Service.org.apache.felix.http.jetty: ServiceEvent REGISTERED
2022.01.28 10:52:18,761 INFO  [Start Level: Equinox Container: 76466bb2-1639-4877-af65-8017e681b0be] Events.Service.org.apache.felix.http.jetty: ServiceEvent REGISTERED
2022.01.28 10:52:18,766 INFO  [Start Level: Equinox Container: 76466bb2-1639-4877-af65-8017e681b0be] Events.Service.org.apache.felix.http.jetty: ServiceEvent REGISTERED
2022.01.28 10:52:18,768 INFO  [Start Level: Equinox Container: 76466bb2-1639-4877-af65-8017e681b0be] Events.Service.org.apache.felix.http.jetty: ServiceEvent REGISTERED
2022.01.28 10:52:18,792 INFO  [Start Level: Equinox Container: 76466bb2-1639-4877-af65-8017e681b0be] Events.Service.org.apache.felix.http.jetty: ServiceEvent REGISTERED
2022.01.28 10:52:18,793 INFO  [Start Level: Equinox Container: 76466bb2-1639-4877-af65-8017e681b0be] Events.Service.org.apache.felix.http.jetty: ServiceEvent REGISTERED
2022.01.28 10:52:18,793 INFO  [Start Level: Equinox Container: 76466bb2-1639-4877-af65-8017e681b0be] Events.Bundle.org.apache.felix.http.jetty: BundleEvent STARTED
2022.01.28 10:52:18,794 INFO  [Start Level: Equinox Container: 76466bb2-1639-4877-af65-8017e681b0be] Events.Bundle.org.apache.felix.scr: BundleEvent STARTING
2022.01.28 10:52:18,803 INFO  [Start Level: Equinox Container: 76466bb2-1639-4877-af65-8017e681b0be] Events.Service.org.apache.felix.scr: ServiceEvent REGISTERED
2022.01.28 10:52:18,808 INFO  [Start Level: Equinox Container: 76466bb2-1639-4877-af65-8017e681b0be] Events.Service.org.apache.felix.scr: ServiceEvent REGISTERED
2022.01.28 10:52:18,810 INFO  [Start Level: Equinox Container: 76466bb2-1639-4877-af65-8017e681b0be] Events.Service.org.apache.felix.gogo.runtime: ServiceEvent REGISTERED
2022.01.28 10:52:18,811 INFO  [Start Level: Equinox Container: 76466bb2-1639-4877-af65-8017e681b0be] Events.Service.org.apache.felix.scr: ServiceEvent REGISTERED
2022.01.28 10:52:18,811 INFO  [Start Level: Equinox Container: 76466bb2-1639-4877-af65-8017e681b0be] Events.Service.org.apache.felix.scr: ServiceEvent REGISTERED
2022.01.28 10:52:18,811 INFO  [Start Level: Equinox Container: 76466bb2-1639-4877-af65-8017e681b0be] Events.Bundle.org.apache.felix.scr: BundleEvent STARTED
2022.01.28 10:52:18,812 INFO  [Start Level: Equinox Container: 76466bb2-1639-4877-af65-8017e681b0be] Events.Bundle.org.gecko.playground.jetty.services: BundleEvent STARTING
2022.01.28 10:52:18,813 INFO  [Start Level: Equinox Container: 76466bb2-1639-4877-af65-8017e681b0be] Events.Bundle.org.gecko.playground.jetty.services: BundleEvent STARTED
2022.01.28 10:52:18,842 INFO  [Start Level: Equinox Container: 76466bb2-1639-4877-af65-8017e681b0be] Events.Bundle.org.osgi.util.function: BundleEvent STARTING
2022.01.28 10:52:18,843 INFO  [Start Level: Equinox Container: 76466bb2-1639-4877-af65-8017e681b0be] Events.Bundle.org.osgi.util.function: BundleEvent STARTED
2022.01.28 10:52:18,844 INFO  [Start Level: Equinox Container: 76466bb2-1639-4877-af65-8017e681b0be] Events.Bundle.org.osgi.util.promise: BundleEvent STARTING
2022.01.28 10:52:18,844 INFO  [Start Level: Equinox Container: 76466bb2-1639-4877-af65-8017e681b0be] Events.Bundle.org.osgi.util.promise: BundleEvent STARTED
2022.01.28 10:52:18,845 INFO  [Start Level: Equinox Container: 76466bb2-1639-4877-af65-8017e681b0be] Events.Bundle.org.apache.logging.log4j.slf4j-impl: BundleEvent STARTING
2022.01.28 10:52:18,845 INFO  [Start Level: Equinox Container: 76466bb2-1639-4877-af65-8017e681b0be] Events.Bundle.org.apache.logging.log4j.slf4j-impl: BundleEvent STARTED
2022.01.28 10:52:18,846 INFO  [Start Level: Equinox Container: 76466bb2-1639-4877-af65-8017e681b0be] Events.Bundle.slf4j.api: BundleEvent STARTING
2022.01.28 10:52:18,846 INFO  [Start Level: Equinox Container: 76466bb2-1639-4877-af65-8017e681b0be] Events.Bundle.slf4j.api: BundleEvent STARTED
2022.01.28 10:52:18,847 INFO  [Framework Event Dispatcher: Equinox Container: 76466bb2-1639-4877-af65-8017e681b0be] Events.Framework.org.eclipse.osgi: FrameworkEvent STARTLEVEL CHANGED
2022.01.28 10:52:18,871 INFO  [Jetty HTTP Service] Events.Service.org.gecko.playground.wab: ServiceEvent REGISTERED
2022.01.28 13:06:13,589 INFO  [Start Level: Equinox Container: c3728242-ceab-43af-92e6-3557effb92be] Events.Bundle.org.gecko.playground.logging.log4j: BundleEvent STARTED
2022.01.28 13:06:13,590 INFO  [Start Level: Equinox Container: c3728242-ceab-43af-92e6-3557effb92be] Events.Bundle.org.apache.felix.gogo.command: BundleEvent STARTING
2022.01.28 13:06:13,593 INFO  [Start Level: Equinox Container: c3728242-ceab-43af-92e6-3557effb92be] Events.Service.org.apache.felix.gogo.command: ServiceEvent REGISTERED
2022.01.28 13:06:13,593 INFO  [Start Level: Equinox Container: c3728242-ceab-43af-92e6-3557effb92be] Events.Service.org.apache.felix.gogo.command: ServiceEvent REGISTERED
2022.01.28 13:06:13,594 INFO  [Start Level: Equinox Container: c3728242-ceab-43af-92e6-3557effb92be] Events.Service.org.apache.felix.gogo.command: ServiceEvent REGISTERED
2022.01.28 13:06:13,595 INFO  [Start Level: Equinox Container: c3728242-ceab-43af-92e6-3557effb92be] Events.Bundle.org.apache.felix.gogo.command: BundleEvent STARTED
2022.01.28 13:06:13,596 INFO  [Start Level: Equinox Container: c3728242-ceab-43af-92e6-3557effb92be] Events.Bundle.org.apache.felix.gogo.runtime: BundleEvent STARTING
2022.01.28 13:06:13,598 INFO  [Start Level: Equinox Container: c3728242-ceab-43af-92e6-3557effb92be] Events.Service.org.apache.felix.gogo.runtime: ServiceEvent REGISTERED
2022.01.28 13:06:13,600 INFO  [Start Level: Equinox Container: c3728242-ceab-43af-92e6-3557effb92be] Events.Service.org.apache.felix.gogo.runtime: ServiceEvent REGISTERED
2022.01.28 13:06:13,601 INFO  [Start Level: Equinox Container: c3728242-ceab-43af-92e6-3557effb92be] Events.Bundle.org.apache.felix.gogo.runtime: BundleEvent STARTED
2022.01.28 13:06:13,601 INFO  [Start Level: Equinox Container: c3728242-ceab-43af-92e6-3557effb92be] Events.Bundle.org.apache.felix.gogo.shell: BundleEvent STARTING
2022.01.28 13:06:13,603 INFO  [Start Level: Equinox Container: c3728242-ceab-43af-92e6-3557effb92be] Events.Service.org.apache.felix.gogo.shell: ServiceEvent REGISTERED
2022.01.28 13:06:13,604 INFO  [Start Level: Equinox Container: c3728242-ceab-43af-92e6-3557effb92be] Events.Service.org.apache.felix.gogo.shell: ServiceEvent REGISTERED
2022.01.28 13:06:13,605 INFO  [Start Level: Equinox Container: c3728242-ceab-43af-92e6-3557effb92be] Events.Service.org.apache.felix.gogo.shell: ServiceEvent REGISTERED
2022.01.28 13:06:13,605 INFO  [Start Level: Equinox Container: c3728242-ceab-43af-92e6-3557effb92be] Events.Service.org.apache.felix.gogo.shell: ServiceEvent REGISTERED
2022.01.28 13:06:13,606 INFO  [Start Level: Equinox Container: c3728242-ceab-43af-92e6-3557effb92be] Events.Service.org.apache.felix.gogo.shell: ServiceEvent REGISTERED
2022.01.28 13:06:13,606 INFO  [Start Level: Equinox Container: c3728242-ceab-43af-92e6-3557effb92be] Events.Service.org.apache.felix.gogo.shell: ServiceEvent REGISTERED
2022.01.28 13:06:13,607 INFO  [Start Level: Equinox Container: c3728242-ceab-43af-92e6-3557effb92be] Events.Bundle.org.apache.felix.gogo.shell: BundleEvent STARTED
2022.01.28 13:06:13,608 INFO  [Start Level: Equinox Container: c3728242-ceab-43af-92e6-3557effb92be] Events.Bundle.org.apache.felix.http.servlet-api: BundleEvent STARTING
2022.01.28 13:06:13,609 INFO  [Start Level: Equinox Container: c3728242-ceab-43af-92e6-3557effb92be] Events.Bundle.org.apache.felix.http.servlet-api: BundleEvent STARTED
2022.01.28 13:06:13,610 INFO  [Start Level: Equinox Container: c3728242-ceab-43af-92e6-3557effb92be] Events.Bundle.org.gecko.playground.wab: BundleEvent STARTING
2022.01.28 13:06:13,610 INFO  [Start Level: Equinox Container: c3728242-ceab-43af-92e6-3557effb92be] Events.Bundle.org.gecko.playground.wab: BundleEvent STARTED
2022.01.28 13:06:13,611 INFO  [Start Level: Equinox Container: c3728242-ceab-43af-92e6-3557effb92be] Events.Bundle.org.apache.felix.http.jetty: BundleEvent STARTING
2022.01.28 13:06:13,634 INFO  [Start Level: Equinox Container: c3728242-ceab-43af-92e6-3557effb92be] Events.Service.org.apache.felix.http.jetty: ServiceEvent REGISTERED
2022.01.28 13:06:13,641 INFO  [Start Level: Equinox Container: c3728242-ceab-43af-92e6-3557effb92be] Events.Service.org.apache.felix.http.jetty: ServiceEvent REGISTERED
2022.01.28 13:06:13,692 INFO  [Start Level: Equinox Container: c3728242-ceab-43af-92e6-3557effb92be] Events.Service.org.apache.felix.http.jetty: ServiceEvent REGISTERED
2022.01.28 13:06:14,069 INFO  [Start Level: Equinox Container: c3728242-ceab-43af-92e6-3557effb92be] Events.Service.org.apache.felix.http.jetty: ServiceEvent REGISTERED
2022.01.28 13:06:14,069 INFO  [Start Level: Equinox Container: c3728242-ceab-43af-92e6-3557effb92be] Events.Service.org.apache.felix.http.jetty: ServiceEvent REGISTERED
2022.01.28 13:06:14,072 INFO  [Start Level: Equinox Container: c3728242-ceab-43af-92e6-3557effb92be] Events.Service.org.apache.felix.http.jetty: ServiceEvent REGISTERED
2022.01.28 13:06:14,078 INFO  [Start Level: Equinox Container: c3728242-ceab-43af-92e6-3557effb92be] Events.Service.org.apache.felix.http.jetty: ServiceEvent REGISTERED
2022.01.28 13:06:14,079 INFO  [Start Level: Equinox Container: c3728242-ceab-43af-92e6-3557effb92be] Events.Service.org.apache.felix.http.jetty: ServiceEvent REGISTERED
2022.01.28 13:06:14,101 INFO  [Start Level: Equinox Container: c3728242-ceab-43af-92e6-3557effb92be] Events.Service.org.apache.felix.http.jetty: ServiceEvent REGISTERED
2022.01.28 13:06:14,102 INFO  [Start Level: Equinox Container: c3728242-ceab-43af-92e6-3557effb92be] Events.Service.org.apache.felix.http.jetty: ServiceEvent REGISTERED
2022.01.28 13:06:14,102 INFO  [Start Level: Equinox Container: c3728242-ceab-43af-92e6-3557effb92be] Events.Bundle.org.apache.felix.http.jetty: BundleEvent STARTED
2022.01.28 13:06:14,103 INFO  [Start Level: Equinox Container: c3728242-ceab-43af-92e6-3557effb92be] Events.Bundle.slf4j.api: BundleEvent STARTING
2022.01.28 13:06:14,103 INFO  [Start Level: Equinox Container: c3728242-ceab-43af-92e6-3557effb92be] Events.Bundle.slf4j.api: BundleEvent STARTED
2022.01.28 13:06:14,104 INFO  [Start Level: Equinox Container: c3728242-ceab-43af-92e6-3557effb92be] Events.Bundle.org.apache.logging.log4j.slf4j-impl: BundleEvent STARTING
2022.01.28 13:06:14,104 INFO  [Start Level: Equinox Container: c3728242-ceab-43af-92e6-3557effb92be] Events.Bundle.org.apache.logging.log4j.slf4j-impl: BundleEvent STARTED
2022.01.28 13:06:14,105 INFO  [Framework Event Dispatcher: Equinox Container: c3728242-ceab-43af-92e6-3557effb92be] Events.Framework.org.eclipse.osgi: FrameworkEvent STARTLEVEL CHANGED
2022.01.28 13:06:14,169 INFO  [Jetty HTTP Service] Events.Service.org.gecko.playground.wab: ServiceEvent REGISTERED
2022.01.28 13:07:45,995 INFO  [pool-1-thread-1] Events.Bundle.org.gecko.playground.wab: BundleEvent STOPPING
2022.01.28 13:07:45,999 INFO  [pool-1-thread-1] Events.Service.org.gecko.playground.wab: ServiceEvent UNREGISTERING
2022.01.28 13:07:46,000 INFO  [pool-1-thread-1] Events.Bundle.org.gecko.playground.wab: BundleEvent STOPPED
2022.01.28 13:07:46,003 INFO  [pool-1-thread-1] Events.Bundle.org.gecko.playground.wab: BundleEvent UNRESOLVED
2022.01.28 13:07:46,005 INFO  [pool-1-thread-1] Events.Bundle.org.gecko.playground.wab: BundleEvent UPDATED
2022.01.28 13:07:46,011 INFO  [Refresh Thread: Equinox Container: c3728242-ceab-43af-92e6-3557effb92be] Events.Bundle.org.gecko.playground.wab: BundleEvent RESOLVED
2022.01.28 13:07:46,011 INFO  [Framework Event Dispatcher: Equinox Container: c3728242-ceab-43af-92e6-3557effb92be] Events.Framework.org.eclipse.osgi: FrameworkEvent PACKAGES REFRESHED
2022.01.28 13:07:46,012 INFO  [pool-1-thread-1] Events.Bundle.org.gecko.playground.wab: BundleEvent STARTING
2022.01.28 13:07:46,012 INFO  [pool-1-thread-1] Events.Bundle.org.gecko.playground.wab: BundleEvent STARTED
2022.01.28 13:07:46,023 INFO  [Jetty HTTP Service] Events.Service.org.gecko.playground.wab: ServiceEvent REGISTERED
2022.01.28 13:13:05,481 INFO  [Start Level: Equinox Container: 2bc77292-51e9-48e2-b9c8-1c53b9a26a59] Events.Bundle.org.gecko.playground.logging.log4j: BundleEvent STARTED
2022.01.28 13:13:05,482 INFO  [Start Level: Equinox Container: 2bc77292-51e9-48e2-b9c8-1c53b9a26a59] Events.Bundle.org.glassfish.hk2.osgi-resource-locator: BundleEvent 200
2022.01.28 13:13:05,482 INFO  [Start Level: Equinox Container: 2bc77292-51e9-48e2-b9c8-1c53b9a26a59] Events.Bundle.org.glassfish.jersey.core.jersey-common: BundleEvent 200
2022.01.28 13:13:05,482 INFO  [Start Level: Equinox Container: 2bc77292-51e9-48e2-b9c8-1c53b9a26a59] Events.Bundle.org.apache.felix.gogo.command: BundleEvent STARTING
2022.01.28 13:13:05,485 INFO  [Start Level: Equinox Container: 2bc77292-51e9-48e2-b9c8-1c53b9a26a59] Events.Service.org.apache.felix.gogo.command: ServiceEvent REGISTERED
2022.01.28 13:13:05,485 INFO  [Start Level: Equinox Container: 2bc77292-51e9-48e2-b9c8-1c53b9a26a59] Events.Service.org.apache.felix.gogo.command: ServiceEvent REGISTERED
2022.01.28 13:13:05,486 INFO  [Start Level: Equinox Container: 2bc77292-51e9-48e2-b9c8-1c53b9a26a59] Events.Service.org.apache.felix.gogo.command: ServiceEvent REGISTERED
2022.01.28 13:13:05,486 INFO  [Start Level: Equinox Container: 2bc77292-51e9-48e2-b9c8-1c53b9a26a59] Events.Bundle.org.apache.felix.gogo.command: BundleEvent STARTED
2022.01.28 13:13:05,487 INFO  [Start Level: Equinox Container: 2bc77292-51e9-48e2-b9c8-1c53b9a26a59] Events.Bundle.org.apache.felix.gogo.runtime: BundleEvent STARTING
2022.01.28 13:13:05,490 INFO  [Start Level: Equinox Container: 2bc77292-51e9-48e2-b9c8-1c53b9a26a59] Events.Service.org.apache.felix.gogo.runtime: ServiceEvent REGISTERED
2022.01.28 13:13:05,492 INFO  [Start Level: Equinox Container: 2bc77292-51e9-48e2-b9c8-1c53b9a26a59] Events.Service.org.apache.felix.gogo.runtime: ServiceEvent REGISTERED
2022.01.28 13:13:05,493 INFO  [Start Level: Equinox Container: 2bc77292-51e9-48e2-b9c8-1c53b9a26a59] Events.Bundle.org.apache.felix.gogo.runtime: BundleEvent STARTED
2022.01.28 13:13:05,493 INFO  [Start Level: Equinox Container: 2bc77292-51e9-48e2-b9c8-1c53b9a26a59] Events.Bundle.org.apache.felix.gogo.shell: BundleEvent STARTING
2022.01.28 13:13:05,495 INFO  [Start Level: Equinox Container: 2bc77292-51e9-48e2-b9c8-1c53b9a26a59] Events.Service.org.apache.felix.gogo.shell: ServiceEvent REGISTERED
2022.01.28 13:13:05,496 INFO  [Start Level: Equinox Container: 2bc77292-51e9-48e2-b9c8-1c53b9a26a59] Events.Service.org.apache.felix.gogo.shell: ServiceEvent REGISTERED
2022.01.28 13:13:05,497 INFO  [Start Level: Equinox Container: 2bc77292-51e9-48e2-b9c8-1c53b9a26a59] Events.Service.org.apache.felix.gogo.shell: ServiceEvent REGISTERED
2022.01.28 13:13:05,497 INFO  [Start Level: Equinox Container: 2bc77292-51e9-48e2-b9c8-1c53b9a26a59] Events.Service.org.apache.felix.gogo.shell: ServiceEvent REGISTERED
2022.01.28 13:13:05,498 INFO  [Start Level: Equinox Container: 2bc77292-51e9-48e2-b9c8-1c53b9a26a59] Events.Service.org.apache.felix.gogo.shell: ServiceEvent REGISTERED
2022.01.28 13:13:05,499 INFO  [Start Level: Equinox Container: 2bc77292-51e9-48e2-b9c8-1c53b9a26a59] Events.Service.org.apache.felix.gogo.shell: ServiceEvent REGISTERED
2022.01.28 13:13:05,500 INFO  [Start Level: Equinox Container: 2bc77292-51e9-48e2-b9c8-1c53b9a26a59] Events.Bundle.org.apache.felix.gogo.shell: BundleEvent STARTED
2022.01.28 13:13:05,500 INFO  [Start Level: Equinox Container: 2bc77292-51e9-48e2-b9c8-1c53b9a26a59] Events.Bundle.org.apache.felix.http.servlet-api: BundleEvent STARTING
2022.01.28 13:13:05,500 INFO  [Start Level: Equinox Container: 2bc77292-51e9-48e2-b9c8-1c53b9a26a59] Events.Bundle.org.apache.felix.http.servlet-api: BundleEvent STARTED
2022.01.28 13:13:05,501 INFO  [Start Level: Equinox Container: 2bc77292-51e9-48e2-b9c8-1c53b9a26a59] Events.Bundle.org.gecko.playground.wab.jersey: BundleEvent STARTING
2022.01.28 13:13:05,501 INFO  [Start Level: Equinox Container: 2bc77292-51e9-48e2-b9c8-1c53b9a26a59] Events.Bundle.org.gecko.playground.wab.jersey: BundleEvent STARTED
2022.01.28 13:13:05,502 INFO  [Start Level: Equinox Container: 2bc77292-51e9-48e2-b9c8-1c53b9a26a59] Events.Bundle.slf4j.api: BundleEvent STARTING
2022.01.28 13:13:05,502 INFO  [Start Level: Equinox Container: 2bc77292-51e9-48e2-b9c8-1c53b9a26a59] Events.Bundle.slf4j.api: BundleEvent STARTED
2022.01.28 13:13:05,503 INFO  [Start Level: Equinox Container: 2bc77292-51e9-48e2-b9c8-1c53b9a26a59] Events.Bundle.com.sun.activation.jakarta.activation: BundleEvent STARTING
2022.01.28 13:13:05,503 INFO  [Start Level: Equinox Container: 2bc77292-51e9-48e2-b9c8-1c53b9a26a59] Events.Bundle.com.sun.activation.jakarta.activation: BundleEvent STARTED
2022.01.28 13:13:05,507 INFO  [Start Level: Equinox Container: 2bc77292-51e9-48e2-b9c8-1c53b9a26a59] Events.Bundle.com.sun.xml.bind.jaxb-impl: BundleEvent STARTING
2022.01.28 13:13:05,507 INFO  [Start Level: Equinox Container: 2bc77292-51e9-48e2-b9c8-1c53b9a26a59] Events.Bundle.com.sun.xml.bind.jaxb-impl: BundleEvent STARTED
2022.01.28 13:13:05,510 INFO  [Start Level: Equinox Container: 2bc77292-51e9-48e2-b9c8-1c53b9a26a59] Events.Bundle.jakarta.activation-api: BundleEvent STARTING
2022.01.28 13:13:05,510 INFO  [Start Level: Equinox Container: 2bc77292-51e9-48e2-b9c8-1c53b9a26a59] Events.Bundle.jakarta.activation-api: BundleEvent STARTED
2022.01.28 13:13:05,512 INFO  [Start Level: Equinox Container: 2bc77292-51e9-48e2-b9c8-1c53b9a26a59] Events.Bundle.jakarta.annotation-api: BundleEvent STARTING
2022.01.28 13:13:05,512 INFO  [Start Level: Equinox Container: 2bc77292-51e9-48e2-b9c8-1c53b9a26a59] Events.Bundle.jakarta.annotation-api: BundleEvent STARTED
2022.01.28 13:13:05,513 INFO  [Start Level: Equinox Container: 2bc77292-51e9-48e2-b9c8-1c53b9a26a59] Events.Bundle.jakarta.validation.jakarta.validation-api: BundleEvent STARTING
2022.01.28 13:13:05,513 INFO  [Start Level: Equinox Container: 2bc77292-51e9-48e2-b9c8-1c53b9a26a59] Events.Bundle.jakarta.validation.jakarta.validation-api: BundleEvent STARTED
2022.01.28 13:13:05,514 INFO  [Start Level: Equinox Container: 2bc77292-51e9-48e2-b9c8-1c53b9a26a59] Events.Bundle.jakarta.ws.rs-api: BundleEvent STARTING
2022.01.28 13:13:05,514 INFO  [Start Level: Equinox Container: 2bc77292-51e9-48e2-b9c8-1c53b9a26a59] Events.Bundle.jakarta.ws.rs-api: BundleEvent STARTED
2022.01.28 13:13:05,515 INFO  [Start Level: Equinox Container: 2bc77292-51e9-48e2-b9c8-1c53b9a26a59] Events.Bundle.jakarta.xml.bind-api: BundleEvent STARTING
2022.01.28 13:13:05,515 INFO  [Start Level: Equinox Container: 2bc77292-51e9-48e2-b9c8-1c53b9a26a59] Events.Bundle.jakarta.xml.bind-api: BundleEvent STARTED
2022.01.28 13:13:05,518 INFO  [Start Level: Equinox Container: 2bc77292-51e9-48e2-b9c8-1c53b9a26a59] Events.Bundle.javassist: BundleEvent STARTING
2022.01.28 13:13:05,518 INFO  [Start Level: Equinox Container: 2bc77292-51e9-48e2-b9c8-1c53b9a26a59] Events.Bundle.javassist: BundleEvent STARTED
2022.01.28 13:13:05,519 INFO  [Start Level: Equinox Container: 2bc77292-51e9-48e2-b9c8-1c53b9a26a59] Events.Bundle.org.glassfish.hk2.api: BundleEvent STARTING
2022.01.28 13:13:05,519 INFO  [Start Level: Equinox Container: 2bc77292-51e9-48e2-b9c8-1c53b9a26a59] Events.Bundle.org.glassfish.hk2.api: BundleEvent STARTED
2022.01.28 13:13:05,521 INFO  [Start Level: Equinox Container: 2bc77292-51e9-48e2-b9c8-1c53b9a26a59] Events.Bundle.org.glassfish.hk2.external.aopalliance-repackaged: BundleEvent STARTING
2022.01.28 13:13:05,521 INFO  [Start Level: Equinox Container: 2bc77292-51e9-48e2-b9c8-1c53b9a26a59] Events.Bundle.org.glassfish.hk2.external.aopalliance-repackaged: BundleEvent STARTED
2022.01.28 13:13:05,521 INFO  [Start Level: Equinox Container: 2bc77292-51e9-48e2-b9c8-1c53b9a26a59] Events.Bundle.org.glassfish.hk2.external.jakarta.inject: BundleEvent STARTING
2022.01.28 13:13:05,521 INFO  [Start Level: Equinox Container: 2bc77292-51e9-48e2-b9c8-1c53b9a26a59] Events.Bundle.org.glassfish.hk2.external.jakarta.inject: BundleEvent STARTED
2022.01.28 13:13:05,522 INFO  [Start Level: Equinox Container: 2bc77292-51e9-48e2-b9c8-1c53b9a26a59] Events.Bundle.org.glassfish.hk2.locator: BundleEvent STARTING
2022.01.28 13:13:05,522 INFO  [Start Level: Equinox Container: 2bc77292-51e9-48e2-b9c8-1c53b9a26a59] Events.Bundle.org.glassfish.hk2.locator: BundleEvent STARTED
2022.01.28 13:13:05,523 INFO  [Start Level: Equinox Container: 2bc77292-51e9-48e2-b9c8-1c53b9a26a59] Events.Bundle.org.glassfish.hk2.utils: BundleEvent STARTING
2022.01.28 13:13:05,524 INFO  [Start Level: Equinox Container: 2bc77292-51e9-48e2-b9c8-1c53b9a26a59] Events.Bundle.org.glassfish.hk2.utils: BundleEvent STARTED
2022.01.28 13:13:05,525 INFO  [Start Level: Equinox Container: 2bc77292-51e9-48e2-b9c8-1c53b9a26a59] Events.Bundle.org.apache.felix.http.jetty: BundleEvent STARTING
2022.01.28 13:13:05,542 INFO  [Start Level: Equinox Container: 2bc77292-51e9-48e2-b9c8-1c53b9a26a59] Events.Service.org.apache.felix.http.jetty: ServiceEvent REGISTERED
2022.01.28 13:13:05,716 INFO  [Start Level: Equinox Container: 2bc77292-51e9-48e2-b9c8-1c53b9a26a59] Events.Service.org.apache.felix.http.jetty: ServiceEvent REGISTERED
2022.01.28 13:13:05,716 INFO  [Start Level: Equinox Container: 2bc77292-51e9-48e2-b9c8-1c53b9a26a59] Events.Service.org.apache.felix.http.jetty: ServiceEvent REGISTERED
2022.01.28 13:13:05,717 INFO  [Start Level: Equinox Container: 2bc77292-51e9-48e2-b9c8-1c53b9a26a59] Events.Service.org.apache.felix.http.jetty: ServiceEvent REGISTERED
2022.01.28 13:13:05,722 INFO  [Start Level: Equinox Container: 2bc77292-51e9-48e2-b9c8-1c53b9a26a59] Events.Service.org.apache.felix.http.jetty: ServiceEvent REGISTERED
2022.01.28 13:13:05,722 INFO  [Start Level: Equinox Container: 2bc77292-51e9-48e2-b9c8-1c53b9a26a59] Events.Service.org.apache.felix.http.jetty: ServiceEvent REGISTERED
2022.01.28 13:13:05,736 INFO  [Start Level: Equinox Container: 2bc77292-51e9-48e2-b9c8-1c53b9a26a59] Events.Service.org.apache.felix.http.jetty: ServiceEvent REGISTERED
2022.01.28 13:13:05,737 INFO  [Start Level: Equinox Container: 2bc77292-51e9-48e2-b9c8-1c53b9a26a59] Events.Service.org.apache.felix.http.jetty: ServiceEvent REGISTERED
2022.01.28 13:13:05,737 INFO  [Start Level: Equinox Container: 2bc77292-51e9-48e2-b9c8-1c53b9a26a59] Events.Bundle.org.apache.felix.http.jetty: BundleEvent STARTED
2022.01.28 13:13:05,737 INFO  [Start Level: Equinox Container: 2bc77292-51e9-48e2-b9c8-1c53b9a26a59] Events.Bundle.org.gecko.playground.jaxb: BundleEvent STARTING
2022.01.28 13:13:05,738 INFO  [Start Level: Equinox Container: 2bc77292-51e9-48e2-b9c8-1c53b9a26a59] Events.Bundle.org.gecko.playground.jaxb: BundleEvent STARTED
2022.01.28 13:13:05,738 INFO  [Start Level: Equinox Container: 2bc77292-51e9-48e2-b9c8-1c53b9a26a59] Events.Bundle.org.glassfish.jersey.containers.jersey-container-servlet: BundleEvent STARTING
2022.01.28 13:13:05,738 INFO  [Start Level: Equinox Container: 2bc77292-51e9-48e2-b9c8-1c53b9a26a59] Events.Bundle.org.glassfish.jersey.containers.jersey-container-servlet: BundleEvent STARTED
2022.01.28 13:13:05,739 INFO  [Start Level: Equinox Container: 2bc77292-51e9-48e2-b9c8-1c53b9a26a59] Events.Bundle.org.glassfish.jersey.containers.jersey-container-servlet-core: BundleEvent STARTING
2022.01.28 13:13:05,739 INFO  [Start Level: Equinox Container: 2bc77292-51e9-48e2-b9c8-1c53b9a26a59] Events.Bundle.org.glassfish.jersey.containers.jersey-container-servlet-core: BundleEvent STARTED
2022.01.28 13:13:05,739 INFO  [Start Level: Equinox Container: 2bc77292-51e9-48e2-b9c8-1c53b9a26a59] Events.Bundle.org.glassfish.jersey.core.jersey-client: BundleEvent STARTING
2022.01.28 13:13:05,740 INFO  [Start Level: Equinox Container: 2bc77292-51e9-48e2-b9c8-1c53b9a26a59] Events.Bundle.org.glassfish.jersey.core.jersey-client: BundleEvent STARTED
2022.01.28 13:13:05,740 INFO  [Start Level: Equinox Container: 2bc77292-51e9-48e2-b9c8-1c53b9a26a59] Events.Bundle.org.glassfish.jersey.core.jersey-server: BundleEvent STARTING
2022.01.28 13:13:05,740 INFO  [Start Level: Equinox Container: 2bc77292-51e9-48e2-b9c8-1c53b9a26a59] Events.Bundle.org.glassfish.jersey.core.jersey-server: BundleEvent STARTED
2022.01.28 13:13:05,741 INFO  [Start Level: Equinox Container: 2bc77292-51e9-48e2-b9c8-1c53b9a26a59] Events.Bundle.org.glassfish.jersey.inject.jersey-hk2: BundleEvent STARTING
2022.01.28 13:13:05,741 INFO  [Start Level: Equinox Container: 2bc77292-51e9-48e2-b9c8-1c53b9a26a59] Events.Bundle.org.glassfish.jersey.inject.jersey-hk2: BundleEvent STARTED
2022.01.28 13:13:05,741 INFO  [Start Level: Equinox Container: 2bc77292-51e9-48e2-b9c8-1c53b9a26a59] Events.Bundle.org.glassfish.jersey.media.jersey-media-jaxb: BundleEvent STARTING
2022.01.28 13:13:05,742 INFO  [Start Level: Equinox Container: 2bc77292-51e9-48e2-b9c8-1c53b9a26a59] Events.Bundle.org.glassfish.jersey.media.jersey-media-jaxb: BundleEvent STARTED
2022.01.28 13:13:05,742 INFO  [Start Level: Equinox Container: 2bc77292-51e9-48e2-b9c8-1c53b9a26a59] Events.Bundle.org.glassfish.jersey.media.jersey-media-sse: BundleEvent STARTING
2022.01.28 13:13:05,742 INFO  [Start Level: Equinox Container: 2bc77292-51e9-48e2-b9c8-1c53b9a26a59] Events.Bundle.org.glassfish.jersey.media.jersey-media-sse: BundleEvent STARTED
2022.01.28 13:13:05,743 INFO  [Start Level: Equinox Container: 2bc77292-51e9-48e2-b9c8-1c53b9a26a59] Events.Bundle.org.apache.felix.scr: BundleEvent STARTING
2022.01.28 13:13:05,752 INFO  [Start Level: Equinox Container: 2bc77292-51e9-48e2-b9c8-1c53b9a26a59] Events.Service.org.apache.felix.scr: ServiceEvent REGISTERED
2022.01.28 13:13:05,783 INFO  [Start Level: Equinox Container: 2bc77292-51e9-48e2-b9c8-1c53b9a26a59] Events.Bundle.org.glassfish.hk2.osgi-resource-locator: BundleEvent STARTING
2022.01.28 13:13:05,787 INFO  [Jetty HTTP Service] Events.Bundle.org.glassfish.jersey.core.jersey-common: BundleEvent STARTING
2022.01.28 13:13:05,787 INFO  [Jetty HTTP Service] Events.Bundle.org.glassfish.jersey.core.jersey-common: BundleEvent STARTED
2022.01.28 13:13:05,798 INFO  [Start Level: Equinox Container: 2bc77292-51e9-48e2-b9c8-1c53b9a26a59] Events.Bundle.org.glassfish.hk2.osgi-resource-locator: BundleEvent STARTED
2022.01.28 13:13:05,871 INFO  [Start Level: Equinox Container: 2bc77292-51e9-48e2-b9c8-1c53b9a26a59] Events.Service.org.apache.felix.scr: ServiceEvent REGISTERED
2022.01.28 13:13:05,872 INFO  [Start Level: Equinox Container: 2bc77292-51e9-48e2-b9c8-1c53b9a26a59] Events.Service.org.apache.felix.gogo.runtime: ServiceEvent REGISTERED
2022.01.28 13:13:05,873 INFO  [Start Level: Equinox Container: 2bc77292-51e9-48e2-b9c8-1c53b9a26a59] Events.Service.org.apache.felix.scr: ServiceEvent REGISTERED
2022.01.28 13:13:05,873 INFO  [Start Level: Equinox Container: 2bc77292-51e9-48e2-b9c8-1c53b9a26a59] Events.Service.org.apache.felix.scr: ServiceEvent REGISTERED
2022.01.28 13:13:05,873 INFO  [Start Level: Equinox Container: 2bc77292-51e9-48e2-b9c8-1c53b9a26a59] Events.Bundle.org.apache.felix.scr: BundleEvent STARTED
2022.01.28 13:13:05,874 INFO  [Start Level: Equinox Container: 2bc77292-51e9-48e2-b9c8-1c53b9a26a59] Events.Bundle.org.apache.logging.log4j.slf4j-impl: BundleEvent STARTING
2022.01.28 13:13:05,874 INFO  [Start Level: Equinox Container: 2bc77292-51e9-48e2-b9c8-1c53b9a26a59] Events.Bundle.org.apache.logging.log4j.slf4j-impl: BundleEvent STARTED
2022.01.28 13:13:05,874 INFO  [Start Level: Equinox Container: 2bc77292-51e9-48e2-b9c8-1c53b9a26a59] Events.Bundle.org.osgi.util.function: BundleEvent STARTING
2022.01.28 13:13:05,874 INFO  [Start Level: Equinox Container: 2bc77292-51e9-48e2-b9c8-1c53b9a26a59] Events.Bundle.org.osgi.util.function: BundleEvent STARTED
2022.01.28 13:13:05,875 INFO  [Start Level: Equinox Container: 2bc77292-51e9-48e2-b9c8-1c53b9a26a59] Events.Bundle.org.osgi.util.promise: BundleEvent STARTING
2022.01.28 13:13:05,875 INFO  [Start Level: Equinox Container: 2bc77292-51e9-48e2-b9c8-1c53b9a26a59] Events.Bundle.org.osgi.util.promise: BundleEvent STARTED
2022.01.28 13:13:05,875 INFO  [Framework Event Dispatcher: Equinox Container: 2bc77292-51e9-48e2-b9c8-1c53b9a26a59] Events.Framework.org.eclipse.osgi: FrameworkEvent STARTLEVEL CHANGED
2022.01.28 13:13:06,104 INFO  [Jetty HTTP Service] Events.Service.org.gecko.playground.wab.jersey: ServiceEvent REGISTERED
2022.03.18 08:41:26,739 INFO  [Start Level: Equinox Container: 9408ead5-e3c9-4dc9-a891-684fd2f5c107] Events.Bundle.org.gecko.playground.logging.log4j: BundleEvent STARTED
2022.03.18 08:41:26,740 INFO  [Start Level: Equinox Container: 9408ead5-e3c9-4dc9-a891-684fd2f5c107] Events.Bundle.org.apache.felix.gogo.command: BundleEvent STARTING
2022.03.18 08:41:26,743 INFO  [Start Level: Equinox Container: 9408ead5-e3c9-4dc9-a891-684fd2f5c107] Events.Service.org.apache.felix.gogo.command: ServiceEvent REGISTERED
2022.03.18 08:41:26,743 INFO  [Start Level: Equinox Container: 9408ead5-e3c9-4dc9-a891-684fd2f5c107] Events.Service.org.apache.felix.gogo.command: ServiceEvent REGISTERED
2022.03.18 08:41:26,744 INFO  [Start Level: Equinox Container: 9408ead5-e3c9-4dc9-a891-684fd2f5c107] Events.Service.org.apache.felix.gogo.command: ServiceEvent REGISTERED
2022.03.18 08:41:26,744 INFO  [Start Level: Equinox Container: 9408ead5-e3c9-4dc9-a891-684fd2f5c107] Events.Bundle.org.apache.felix.gogo.command: BundleEvent STARTED
2022.03.18 08:41:26,744 INFO  [Start Level: Equinox Container: 9408ead5-e3c9-4dc9-a891-684fd2f5c107] Events.Bundle.org.apache.felix.gogo.runtime: BundleEvent STARTING
2022.03.18 08:41:26,747 INFO  [Start Level: Equinox Container: 9408ead5-e3c9-4dc9-a891-684fd2f5c107] Events.Service.org.apache.felix.gogo.runtime: ServiceEvent REGISTERED
2022.03.18 08:41:26,748 INFO  [Start Level: Equinox Container: 9408ead5-e3c9-4dc9-a891-684fd2f5c107] Events.Service.org.apache.felix.gogo.runtime: ServiceEvent REGISTERED
2022.03.18 08:41:26,749 INFO  [Start Level: Equinox Container: 9408ead5-e3c9-4dc9-a891-684fd2f5c107] Events.Bundle.org.apache.felix.gogo.runtime: BundleEvent STARTED
2022.03.18 08:41:26,749 INFO  [Start Level: Equinox Container: 9408ead5-e3c9-4dc9-a891-684fd2f5c107] Events.Bundle.org.apache.felix.gogo.shell: BundleEvent STARTING
2022.03.18 08:41:26,751 INFO  [Start Level: Equinox Container: 9408ead5-e3c9-4dc9-a891-684fd2f5c107] Events.Service.org.apache.felix.gogo.shell: ServiceEvent REGISTERED
2022.03.18 08:41:26,752 INFO  [Start Level: Equinox Container: 9408ead5-e3c9-4dc9-a891-684fd2f5c107] Events.Service.org.apache.felix.gogo.shell: ServiceEvent REGISTERED
2022.03.18 08:41:26,753 INFO  [Start Level: Equinox Container: 9408ead5-e3c9-4dc9-a891-684fd2f5c107] Events.Service.org.apache.felix.gogo.shell: ServiceEvent REGISTERED
2022.03.18 08:41:26,754 INFO  [Start Level: Equinox Container: 9408ead5-e3c9-4dc9-a891-684fd2f5c107] Events.Service.org.apache.felix.gogo.shell: ServiceEvent REGISTERED
2022.03.18 08:41:26,755 INFO  [Start Level: Equinox Container: 9408ead5-e3c9-4dc9-a891-684fd2f5c107] Events.Service.org.apache.felix.gogo.shell: ServiceEvent REGISTERED
2022.03.18 08:41:26,756 INFO  [Start Level: Equinox Container: 9408ead5-e3c9-4dc9-a891-684fd2f5c107] Events.Service.org.apache.felix.gogo.shell: ServiceEvent REGISTERED
2022.03.18 08:41:26,757 INFO  [Start Level: Equinox Container: 9408ead5-e3c9-4dc9-a891-684fd2f5c107] Events.Bundle.org.apache.felix.gogo.shell: BundleEvent STARTED
2022.03.18 08:41:26,758 INFO  [Start Level: Equinox Container: 9408ead5-e3c9-4dc9-a891-684fd2f5c107] Events.Bundle.org.apache.felix.http.servlet-api: BundleEvent STARTING
2022.03.18 08:41:26,759 INFO  [Start Level: Equinox Container: 9408ead5-e3c9-4dc9-a891-684fd2f5c107] Events.Bundle.org.apache.felix.http.servlet-api: BundleEvent STARTED
2022.03.18 08:41:26,760 INFO  [Start Level: Equinox Container: 9408ead5-e3c9-4dc9-a891-684fd2f5c107] Events.Bundle.org.gecko.playground.wab: BundleEvent STARTING
2022.03.18 08:41:26,760 INFO  [Start Level: Equinox Container: 9408ead5-e3c9-4dc9-a891-684fd2f5c107] Events.Bundle.org.gecko.playground.wab: BundleEvent STARTED
2022.03.18 08:41:26,762 INFO  [Start Level: Equinox Container: 9408ead5-e3c9-4dc9-a891-684fd2f5c107] Events.Bundle.org.apache.felix.http.jetty: BundleEvent STARTING
2022.03.18 08:41:26,787 INFO  [Start Level: Equinox Container: 9408ead5-e3c9-4dc9-a891-684fd2f5c107] Events.Service.org.apache.felix.http.jetty: ServiceEvent REGISTERED
2022.03.18 08:41:26,795 INFO  [Start Level: Equinox Container: 9408ead5-e3c9-4dc9-a891-684fd2f5c107] Events.Service.org.apache.felix.http.jetty: ServiceEvent REGISTERED
2022.03.18 08:41:26,842 INFO  [Start Level: Equinox Container: 9408ead5-e3c9-4dc9-a891-684fd2f5c107] Events.Service.org.apache.felix.http.jetty: ServiceEvent REGISTERED
2022.03.18 08:41:27,148 INFO  [Start Level: Equinox Container: 9408ead5-e3c9-4dc9-a891-684fd2f5c107] Events.Service.org.apache.felix.http.jetty: ServiceEvent REGISTERED
2022.03.18 08:41:27,148 INFO  [Start Level: Equinox Container: 9408ead5-e3c9-4dc9-a891-684fd2f5c107] Events.Service.org.apache.felix.http.jetty: ServiceEvent REGISTERED
2022.03.18 08:41:27,150 INFO  [Start Level: Equinox Container: 9408ead5-e3c9-4dc9-a891-684fd2f5c107] Events.Service.org.apache.felix.http.jetty: ServiceEvent REGISTERED
2022.03.18 08:41:27,157 INFO  [Start Level: Equinox Container: 9408ead5-e3c9-4dc9-a891-684fd2f5c107] Events.Service.org.apache.felix.http.jetty: ServiceEvent REGISTERED
2022.03.18 08:41:27,158 INFO  [Start Level: Equinox Container: 9408ead5-e3c9-4dc9-a891-684fd2f5c107] Events.Service.org.apache.felix.http.jetty: ServiceEvent REGISTERED
2022.03.18 08:41:27,183 INFO  [Start Level: Equinox Container: 9408ead5-e3c9-4dc9-a891-684fd2f5c107] Events.Service.org.apache.felix.http.jetty: ServiceEvent REGISTERED
2022.03.18 08:41:27,184 INFO  [Start Level: Equinox Container: 9408ead5-e3c9-4dc9-a891-684fd2f5c107] Events.Service.org.apache.felix.http.jetty: ServiceEvent REGISTERED
2022.03.18 08:41:27,184 INFO  [Start Level: Equinox Container: 9408ead5-e3c9-4dc9-a891-684fd2f5c107] Events.Bundle.org.apache.felix.http.jetty: BundleEvent STARTED
2022.03.18 08:41:27,185 INFO  [Start Level: Equinox Container: 9408ead5-e3c9-4dc9-a891-684fd2f5c107] Events.Bundle.org.apache.logging.log4j.slf4j-impl: BundleEvent STARTING
2022.03.18 08:41:27,186 INFO  [Start Level: Equinox Container: 9408ead5-e3c9-4dc9-a891-684fd2f5c107] Events.Bundle.org.apache.logging.log4j.slf4j-impl: BundleEvent STARTED
2022.03.18 08:41:27,187 INFO  [Start Level: Equinox Container: 9408ead5-e3c9-4dc9-a891-684fd2f5c107] Events.Bundle.slf4j.api: BundleEvent STARTING
2022.03.18 08:41:27,187 INFO  [Start Level: Equinox Container: 9408ead5-e3c9-4dc9-a891-684fd2f5c107] Events.Bundle.slf4j.api: BundleEvent STARTED
2022.03.18 08:41:27,187 INFO  [Framework Event Dispatcher: Equinox Container: 9408ead5-e3c9-4dc9-a891-684fd2f5c107] Events.Framework.org.eclipse.osgi: FrameworkEvent STARTLEVEL CHANGED
2022.03.18 08:41:27,244 INFO  [Jetty HTTP Service] Events.Service.org.gecko.playground.wab: ServiceEvent REGISTERED
2022.03.18 08:42:46,128 INFO  [pool-1-thread-1] Events.Bundle.org.gecko.playground.wab: BundleEvent STOPPING
2022.03.18 08:42:46,129 INFO  [pool-1-thread-1] Events.Service.org.gecko.playground.wab: ServiceEvent UNREGISTERING
2022.03.18 08:42:46,130 INFO  [pool-1-thread-1] Events.Bundle.org.gecko.playground.wab: BundleEvent STOPPED
2022.03.18 08:42:46,131 INFO  [pool-1-thread-1] Events.Bundle.org.gecko.playground.wab: BundleEvent UNRESOLVED
2022.03.18 08:42:46,132 INFO  [pool-1-thread-1] Events.Bundle.org.gecko.playground.wab: BundleEvent UPDATED
2022.03.18 08:42:46,142 INFO  [Refresh Thread: Equinox Container: 9408ead5-e3c9-4dc9-a891-684fd2f5c107] Events.Bundle.org.gecko.playground.wab: BundleEvent RESOLVED
2022.03.18 08:42:46,142 INFO  [Framework Event Dispatcher: Equinox Container: 9408ead5-e3c9-4dc9-a891-684fd2f5c107] Events.Framework.org.eclipse.osgi: FrameworkEvent PACKAGES REFRESHED
2022.03.18 08:42:46,142 INFO  [pool-1-thread-1] Events.Bundle.org.gecko.playground.wab: BundleEvent STARTING
2022.03.18 08:42:46,142 INFO  [pool-1-thread-1] Events.Bundle.org.gecko.playground.wab: BundleEvent STARTED
2022.03.18 08:42:46,150 INFO  [Jetty HTTP Service] Events.Service.org.gecko.playground.wab: ServiceEvent REGISTERED
